the,3260
and,1872
to,1740
of,1451
a,1297
i,1230
she,1151
was,988
you,986
he,980
it,961
that,924
her,873
in,871
had,611
not,601
is,565
but,504
with,500
for,480
at,453
lucy,437
said,429
miss,425
his,424
have,417
as,413
mr,403
they,392
be,358
so,317
all,310
no,296
this,290
on,286
do,276
him,271
would,271
are,259
me,253
who,247
we,244
or,240
one,238
what,236
cecil,228
by,220
them,219
were,212
if,209
from,195
beebe,192
will,191
bartlett,190
up,189
did,188
when,175
there,173
how,172
my,166
been,164
out,159
go,157
very,157
honeychurch,152
which,151
an,150
know,148
must,148
has,143
then,142
dont,142
your,140
into,138
oh,137
like,135
about,135
george,135
could,133
never,132
more,129
only,126
freddy,124
little,123
now,120
their,120
people,120
man,119
any,119
am,117
emerson,116
too,115
mrs,113
say,112
see,112
over,110
its,107
should,106
come,103
down,103
much,102
mother,102
some,101
us,100
other,99
well,96
think,95
why,95
again,93
can,93
lavish,92
old,90
charlotte,90
project,88
things,85
than,84
right,84
dear,83
shall,82
time,82
might,80
such,77
though,77
here,75
most,75
really,74
young,73
before,73
rather,72
two,72
good,71
after,71
thought,70
our,70
through,68
made,68
where,68
may,68
came,67
want,67
work,67
tell,65
just,65
way,65
love,64
yes,64
back,64
told,63
asked,63
away,62
life,61
thing,61
let,61
mean,61
always,59
eager,59
nothing,58
because,57
these,57
course,57
gutenbergtm,56
perhaps,56
last,56
girl,56
something,56
look,56
going,55
voice,55
italy,54
saw,54
does,54
world,54
room,54
own,53
herself,53
off,53
get,53
seemed,53
felt,53
cant,52
florence,51
those,51
even,51
cried,50
make,50
im,49
better,49
quite,48
knew,48
looked,48
vyse,47
great,47
heard,47
men,47
chapter,47
view,47
first,46
yet,45
still,44
without,44
once,44
eyes,44
face,43
while,42
ever,42
kind,42
talk,42
anything,41
day,41
being,41
long,41
lady,40
windy,40
gone,40
suppose,40
against,39
beautiful,39
ought,39
put,39
corner,39
son,39
got,39
cannot,38
word,38
another,38
round,38
house,38
remember,38
isnt,37
understand,37
nor,37
stop,37
moment,36
same,36
upon,36
take,36
give,36
emersons,35
full,35
mind,35
alone,35
wish,35
turned,35
began,35
whom,35
church,35
done,34
poor,34
sure,34
didnt,34
saying,34
under,34
garden,33
works,33
indeed,33
ladies,33
took,32
hand,32
new,32
true,32
went,32
left,32
father,32
name,32
cousin,32
thank,32
minnie,31
read,31
play,31
alans,31
tried,31
every,31
nice,31
head,31
whether,31
happened,31
lucys,31
gutenberg,31
called,30
myself,30
sir,30
person,30
woman,30
help,30
himself,30
find,30
feel,30
book,29
towards,29
each,29
since,29
stopped,29
sorry,29
morning,29
hope,29
found,29
far,29
enough,29
place,29
speak,29
spoke,29
many,29
between,29
letter,29
carriage,28
tea,28
call,28
either,28
home,28
exclaimed,28
gave,28
glad,28
electronic,27
remark,27
harry,27
also,27
few,27
sat,27
returned,27
greece,26
met,26
days,26
wont,26
lost,26
live,26
window,26
replied,26
boy,26
afternoon,26
summer,26
clergyman,26
london,26
part,26
almost,26
whole,25
heart,25
dreadful,25
soon,25
wrong,25
street,25
fell,25
conversation,25
till,25
believe,25
pleasant,25
rome,24
thats,24
keep,24
point,24
meant,24
rooms,24
music,24
country,24
foundation,23
alan,23
certainly,23
door,23
sit,23
stood,23
already,23
sort,23
bad,23
feeling,23
women,23
opened,23
whose,23
behind,23
end,23
certain,22
leave,22
matter,22
friends,22
idea,22
seen,22
wanted,22
coming,22
road,22
taken,22
evening,22
words,22
pension,22
tired,22
together,22
terms,22
tennis,21
ive,21
ill,21
others,21
loved,21
piano,21
try,21
hear,21
please,21
italian,21
given,21
events,21
suggested,21
drawingroom,21
clever,21
both,21
question,21
trying,21
exactly,21
truth,21
drive,21
engagement,20
agree,20
silence,20
happy,20
everything,20
known,20
reply,20
surely,20
santa,20
states,20
copyright,19
agreement,19
marry,19
cecils,19
lay,19
darkness,19
silly,19
earth,19
became,19
thinking,19
less,19
three,19
everyone,19
rose,19
half,19
else,19
change,19
passed,19
continued,19
bertolini,19
english,19
use,19
cissie,18
thoughts,18
hes,18
sun,18
set,18
broken,18
youre,18
light,18
ask,18
murmured,18
real,18
least,18
different,18
possible,18
meet,18
used,18
water,18
looking,18
struck,17
wonderful,17
soul,17
doesnt,17
wouldnt,17
entered,17
comes,17
nature,17
next,17
air,17
theres,17
ah,17
violets,17
croce,17
license,17
books,16
wife,16
money,16
forget,16
god,16
answer,16
worth,16
yourself,16
longer,16
themselves,16
until,16
among,16
hills,16
turn,16
beauty,16
account,16
across,16
hour,16
odd,16
seem,16
late,16
return,16
united,16
donations,15
sunday,15
glorious,15
whats,15
fact,15
trust,15
literary,15
care,15
sight,15
beebes,15
remained,15
knows,15
hands,15
fate,15
minute,15
sky,15
moved,15
river,15
thus,15
liked,15
silent,15
permission,15
nearly,15
added,15
friend,15
talking,15
playing,15
small,15
accepted,15
child,15
forgive,15
notice,15
business,15
bartletts,15
eleanor,15
baedeker,15
nerves,14
subject,14
kept,14
villa,14
case,14
spring,14
cry,14
repeated,14
mothers,14
kiss,14
watched,14
neither,14
followed,14
nonsense,14
side,14
trees,14
led,14
realize,14
forth,14
sometimes,14
cousins,14
high,14
lips,14
pleasure,14
remembered,14
perfectly,14
scene,14
often,14
arno,14
table,14
instead,14
tiresome,14
italians,14
archive,13
trademark,13
past,13
years,13
brain,13
youth,13
arent,13
society,13
dare,13
behaved,13
annoyed,13
whatever,13
hate,13
cross,13
frightened,13
arms,13
says,13
started,13
bring,13
walked,13
except,13
blue,13
sense,13
joy,13
played,13
kindly,13
night,13
pleased,13
burst,13
dearest,13
lives,13
cold,13
however,13
dinner,13
forward,13
shouldnt,13
hard,13
ones,13
white,13
further,13
situation,13
ebook,13
muddle,12
quiet,12
blame,12
chaplain,12
photographs,12
novel,12
afterwards,12
human,12
trouble,12
refused,12
held,12
built,12
laughed,12
simply,12
someone,12
driver,12
wind,12
broke,12
wished,12
explain,12
hoped,12
above,12
smiled,12
brother,12
week,12
wells,12
tunbridge,12
yours,12
fair,12
generally,12
paid,12
ran,12
laws,12
copy,12
paragraph,11
bathe,11
second,11
need,11
difference,11
news,11
murdered,11
today,11
present,11
died,11
easy,11
pretended,11
possibly,11
necessary,11
girls,11
dark,11
desire,11
splendid,11
suddenly,11
bound,11
conscious,11
gracious,11
able,11
caught,11
laid,11
bought,11
square,11
near,11
five,11
having,11
stand,11
open,11
note,11
write,11
answered,11
brought,11
show,11
naturally,11
best,11
chance,11
information,11
whispered,11
makes,11
feet,11
impossible,11
realized,11
delightful,11
become,11
heavy,11
signora,11
art,11
refund,10
access,10
constantinople,10
cad,10
received,10
party,10
ground,10
song,10
eye,10
forgot,10
sister,10
writing,10
listen,10
wet,10
written,10
passion,10
scarcely,10
apparently,10
quickly,10
public,10
walk,10
piazza,10
lets,10
bit,10
below,10
black,10
clean,10
taking,10
heaven,10
angry,10
kindness,10
doing,10
meaning,10
sighed,10
careful,10
usual,10
laugh,10
gently,10
serious,10
means,10
slowly,10
bow,10
neighbourhood,10
rectory,10
move,10
curtains,10
outside,10
red,10
sitting,10
close,10
promised,10
within,10
carriages,10
including,9
waters,9
pond,9
hullo,9
despise,9
wasnt,9
goodness,9
upset,9
train,9
body,9
wood,9
standing,9
support,9
phaethon,9
bother,9
vulgar,9
villas,9
absolutely,9
yesterday,9
none,9
behaviour,9
talked,9
itself,9
gentle,9
settle,9
green,9
deep,9
cause,9
form,9
visit,9
easily,9
seeing,9
shadow,9
eternal,9
believed,9
anxious,9
audience,9
chapel,9
hurt,9
arm,9
pass,9
couldnt,9
town,9
year,9
interested,9
weald,9
story,9
kissed,9
hair,9
maid,9
mine,9
unless,9
reached,9
enjoy,9
determined,9
difficult,9
bed,9
windows,9
times,9
wonder,9
havent,9
arrived,9
wrote,9
state,9
forgotten,9
expect,9
opposite,9
tourists,9
shocked,9
probably,9
hardly,9
vyses,9
start,9
fee,8
copies,8
shillings,8
future,8
rubbish,8
pool,8
agreed,8
reading,8
height,8
horse,8
hill,8
grass,8
otway,8
theyre,8
courage,8
terrible,8
fault,8
influence,8
reason,8
leant,8
smile,8
bent,8
particularly,8
pay,8
big,8
oughtnt,8
letters,8
provide,8
following,8
failed,8
four,8
laughing,8
warned,8
social,8
expected,8
follow,8
weather,8
third,8
practically,8
understood,8
athens,8
filled,8
offended,8
lose,8
join,8
youd,8
youve,8
phrase,8
death,8
introduce,8
worried,8
minutes,8
ten,8
goes,8
enter,8
path,8
strong,8
appeared,8
interest,8
carry,8
along,8
interesting,8
adventure,8
inside,8
lead,8
secret,8
gentlemen,8
proceeded,8
hers,8
seat,8
irritation,8
seems,8
type,8
manner,8
drove,8
nervous,8
grow,8
perfect,8
fiesole,8
charming,8
fancy,8
permitted,8
chair,8
st,8
presence,8
clear,8
views,8
tourist,8
glanced,8
sad,8
lying,8
flat,8
section,7
associated,7
ebooks,7
distributing,7
law,7
protected,7
schumann,7
bracken,7
harris,7
freddys,7
lawn,7
welcome,7
married,7
leaves,7
promise,7
sake,7
comfortable,7
pulled,7
hold,7
id,7
free,7
dress,7
power,7
bank,7
swept,7
tax,7
baldovinetti,7
alessio,7
surprise,7
sympathetic,7
later,7
family,7
gossip,7
position,7
murder,7
loggia,7
fountain,7
protect,7
ignored,7
reminded,7
picture,7
pointed,7
plain,7
dropped,7
gentleman,7
local,7
sympathy,7
unpleasant,7
attitude,7
run,7
closed,7
opening,7
sound,7
beethoven,7
victory,7
furniture,7
slipped,7
escaped,7
wants,7
youll,7
fit,7
speech,7
several,7
emotion,7
action,7
unhappy,7
teresa,7
grave,7
lie,7
knowledge,7
abominably,7
paused,7
knees,7
touched,7
horrible,7
sacred,7
praised,7
ago,7
original,7
abroad,7
partly,7
visible,7
tower,7
alive,7
increased,7
touch,7
delighted,7
dressed,7
leaving,7
giotto,7
slip,7
foolish,7
yellow,7
ceiling,7
habit,7
carefully,7
suitable,7
bewildered,7
happen,7
wondered,7
ready,7
bath,7
floor,7
gazed,7
knowing,7
smell,7
england,7
safe,7
worse,7
thoroughly,7
sisters,7
approached,7
fortunately,7
unkind,7
companion,7
thinks,7
harm,7
moments,7
unfortunate,7
attempt,7
daughter,7
concluded,7
bowed,7
living,7
funny,7
announced,7
failure,7
clearly,7
mouth,7
clothes,7
speaking,7
servants,7
faced,7
ii,7
using,7
located,7
comply,6
distribution,6
charge,6
distribute,6
line,6
floyd,6
evidently,6
upstairs,6
remarked,6
tenants,6
saturn,6
station,6
count,6
fences,6
frock,6
freely,6
quietly,6
faults,6
albert,6
considered,6
ridiculous,6
shy,6
sent,6
break,6
tones,6
packing,6
truthful,6
poured,6
terrace,6
hat,6
settled,6
gets,6
asking,6
immediately,6
lies,6
discussion,6
discuss,6
disliked,6
pick,6
driving,6
horses,6
fire,6
flowers,6
die,6
rude,6
working,6
nuisance,6
pictures,6
warning,6
leonora,6
deal,6
ghosts,6
admirable,6
anxiety,6
sentence,6
getting,6
blood,6
desired,6
content,6
reflected,6
taste,6
otherwise,6
vast,6
ways,6
changed,6
shook,6
imagine,6
early,6
carried,6
fellow,6
gathered,6
shut,6
catch,6
provided,6
company,6
sudden,6
catharine,6
reasons,6
expedition,6
trusted,6
doubt,6
choose,6
lunch,6
effort,6
joined,6
goodbye,6
pray,6
absurd,6
learn,6
judge,6
fall,6
stupid,6
suggestion,6
education,6
hell,6
saints,6
familiar,6
behave,6
strange,6
werent,6
hint,6
nodded,6
giving,6
baby,6
tears,6
box,6
steps,6
shop,6
approaching,6
size,6
butterworth,6
cheerful,6
short,6
city,6
spirits,6
dirty,6
especially,6
everywhere,6
leaning,6
remembering,6
beside,6
bright,6
candle,6
delicate,6
spirit,6
important,6
engaged,6
sex,6
accept,6
gravely,6
noticed,6
fool,6
holding,6
attention,6
ordinary,6
clergymen,6
apologize,6
learnt,6
importance,6
somewhat,6
narrow,6
beyond,6
smiling,6
extra,6
success,6
electric,6
advice,6
helped,6
hurried,6
parted,6
names,6
consider,6
large,6
grew,6
kinds,6
wall,6
unexpected,6
middle,6
disaster,6
medieval,6
s,6
limited,5
volunteers,5
replacement,5
1f3,5
medium,5
1e1,5
compliance,5
hood,5
collection,5
beehive,5
powell,5
straight,5
whos,5
anger,5
spare,5
remain,5
coincidence,5
georges,5
january,5
dignified,5
stupidly,5
comic,5
physical,5
ball,5
jump,5
pinetrees,5
houses,5
veil,5
lake,5
pines,5
fees,5
share,5
longed,5
shout,5
romance,5
appalling,5
keeping,5
gods,5
number,5
begin,5
somehow,5
flack,5
greeted,5
honeychurches,5
honeychurchs,5
mattered,5
months,5
leonardo,5
greek,5
decide,5
connected,5
passage,5
knelt,5
beg,5
counted,5
tavern,5
signorino,5
general,5
game,5
step,5
lit,5
indifferent,5
drew,5
hush,5
topics,5
difficulty,5
equally,5
bushes,5
lorenzo,5
drawn,5
shock,5
lived,5
six,5
greater,5
example,5
common,5
hitherto,5
critical,5
persephone,5
gallery,5
breaking,5
paying,5
enthusiasm,5
thanked,5
merely,5
retorted,5
intended,5
beware,5
ceased,5
brown,5
maids,5
bread,5
experience,5
bear,5
passing,5
thanks,5
therefore,5
slope,5
hours,5
brow,5
shes,5
beginning,5
avoided,5
warmth,5
rain,5
melody,5
tells,5
opinion,5
chivalry,5
ashamed,5
parapet,5
elbows,5
assistance,5
character,5
distance,5
dead,5
stream,5
gold,5
rest,5
approval,5
mission,5
amused,5
telling,5
finally,5
brothers,5
badly,5
attracted,5
finish,5
strangely,5
rise,5
woods,5
autumn,5
follows,5
wore,5
taught,5
suffer,5
intellectual,5
profession,5
refer,5
modern,5
tone,5
gallo,5
del,5
torre,5
complete,5
stopping,5
introduced,5
wondering,5
upper,5
discovered,5
despair,5
seldom,5
daily,5
regarded,5
mans,5
particular,5
tangle,5
sunlight,5
depths,5
sensible,5
relief,5
tenderness,5
shadows,5
loves,5
tragedy,5
interrupted,5
hadnt,5
amongst,5
pardon,5
properly,5
renaissance,5
faith,5
rightly,5
older,5
roar,5
heres,5
picked,5
intolerable,5
heads,5
worked,5
charm,5
culture,5
places,5
strength,5
typical,5
hot,5
divine,5
unknown,5
mentioned,5
surface,5
takes,5
listening,5
breakfast,5
turning,5
boys,5
covered,5
children,5
tram,5
mysterious,5
sunshine,5
pieces,5
paper,5
rising,5
goodnight,5
embrace,5
tour,5
affair,5
literature,5
nervously,5
message,5
raised,5
wishes,5
fear,5
afraid,5
hopelessly,5
lucia,5
bore,5
offer,5
fathers,5
acted,5
obligation,5
chaperon,5
midst,5
shouted,5
decided,5
rid,5
parish,5
pleasantly,5
around,5
whenever,5
tactful,5
piece,5
front,5
spoil,5
shame,5
heavily,5
hung,5
apart,5
south,5
bravely,5
boiler,5
check,5
wwwgutenbergorg,5
anyone,5
m,5
e,5
damages,4
owner,4
website,4
requirements,4
providing,4
holder,4
posted,4
distributed,4
status,4
format,4
displaying,4
individual,4
1e8,4
copying,4
creating,4
editions,4
faremo,4
domani,4
wasted,4
independence,4
purpose,4
dahlias,4
mozart,4
lot,4
stretched,4
credit,4
printed,4
mad,4
prank,4
emery,4
joseph,4
seas,4
forgetting,4
novels,4
surprised,4
battle,4
fifteen,4
sovereign,4
visitor,4
reader,4
fight,4
behaving,4
waistcoat,4
forces,4
apooshoo,4
bathing,4
boots,4
dry,4
ahead,4
teaching,4
equipment,4
national,4
hostess,4
special,4
lover,4
ring,4
niece,4
bumblepuppy,4
interests,4
ideals,4
calls,4
downs,4
rains,4
connect,4
smart,4
matters,4
highly,4
desirable,4
mountain,4
victoria,4
petty,4
winter,4
applicable,4
misfortune,4
hypocrisy,4
parson,4
act,4
string,4
stairs,4
mary,4
philosophy,4
food,4
rector,4
win,4
discussing,4
hinted,4
travel,4
devil,4
statue,4
described,4
dislike,4
fellows,4
wear,4
explanation,4
abominable,4
jolly,4
obtain,4
radiance,4
quoted,4
reach,4
due,4
barriers,4
instance,4
duty,4
inflict,4
growing,4
insult,4
emotions,4
confidence,4
amount,4
recovered,4
offered,4
killed,4
insight,4
unwise,4
discover,4
source,4
fallen,4
shoulders,4
existed,4
rheumatism,4
mackintosh,4
gasped,4
promontory,4
opportunity,4
obliged,4
higher,4
begged,4
receive,4
ordered,4
bene,4
va,4
additional,4
result,4
planned,4
edge,4
cab,4
memorable,4
brilliant,4
pinewoods,4
flushed,4
prepared,4
neck,4
goal,4
troubled,4
arranged,4
awkward,4
addition,4
observed,4
acquaintance,4
ended,4
marriage,4
wanting,4
minds,4
tore,4
striking,4
buy,4
sincere,4
intimate,4
hillside,4
plot,4
manage,4
parasol,4
summit,4
hated,4
walking,4
solitude,4
ears,4
hopeless,4
thousand,4
magic,4
making,4
throw,4
horror,4
topic,4
dying,4
occurred,4
dreams,4
obeyed,4
dim,4
crowd,4
chest,4
hit,4
palace,4
shadowy,4
showed,4
signoria,4
spent,4
pity,4
august,4
drop,4
breaks,4
sea,4
rushed,4
joys,4
private,4
whisper,4
judgement,4
admire,4
pole,4
hotel,4
gather,4
awe,4
tolerance,4
supposed,4
disappointed,4
hi,4
cabdriver,4
desires,4
ourselves,4
dull,4
reveal,4
singing,4
concealed,4
grey,4
pretty,4
direct,4
choice,4
movement,4
conclusion,4
sang,4
entertain,4
recalled,4
sleep,4
style,4
runs,4
commonplace,4
fortunate,4
checked,4
feelings,4
collecting,4
extraordinary,4
pull,4
muddled,4
weeks,4
strongly,4
object,4
avoid,4
spoilt,4
subtle,4
sistine,4
pace,4
threw,4
lecture,4
peace,4
pushed,4
truly,4
pathetic,4
lecturer,4
temper,4
whither,4
minded,4
waiting,4
despised,4
scheme,4
rescue,4
screamed,4
mistaken,4
dripping,4
ruskin,4
uncertain,4
proper,4
frescoes,4
ruined,4
blew,4
waited,4
pair,4
extended,4
garments,4
discontent,4
solution,4
landing,4
save,4
snob,4
dorking,4
miles,4
surrey,4
glass,4
enemy,4
radical,4
civility,4
dante,4
streets,4
sounded,4
dream,4
tut,4
school,4
send,4
assure,4
ensued,4
study,4
cut,4
rushing,4
unfamiliar,4
fingers,4
property,4
destroy,4
impulse,4
seized,4
san,4
charlottes,4
sigh,4
history,4
florentine,4
memory,4
developed,4
winds,4
shuddered,4
low,4
departed,4
encouraged,4
puzzled,4
court,4
worthy,4
plunge,4
allowed,4
finding,4
denied,4
disapproval,4
haze,4
approve,4
smokingroom,4
creature,4
hasnt,4
slight,4
complained,4
tact,4
hoping,4
putting,4
acceptance,4
advantage,4
invisible,4
colour,4
solid,4
curious,4
guests,4
disappeared,4
looks,4
top,4
field,4
preferred,4
vicar,4
cheerfully,4
tomorrow,4
eat,4
chairs,4
snub,4
naughty,4
assumed,4
attract,4
startled,4
actually,4
unselfishness,4
insist,4
travelling,4
vacant,4
mustnt,4
selfish,4
queen,4
wine,4
cockney,4
cuthbert,4
arthur,4
reverend,4
fourth,4
date,4
online,4
cost,4
parts,4
foundations,3
limitation,3
warranties,3
liability,3
disclaimer,3
defective,3
efforts,3
3,3
contact,3
defect,3
email,3
4,3
payments,3
donate,3
royalty,3
user,3
official,3
1e9,3
1e7,3
paragraphs,3
links,3
performing,3
entity,3
derivative,3
complying,3
royalties,3
giro,3
uno,3
sock,3
risk,3
quavered,3
prepare,3
thankful,3
uncle,3
bass,3
gardenchild,3
listened,3
main,3
digestive,3
armies,3
firm,3
accordance,3
hall,3
bottom,3
sank,3
intimately,3
diningroom,3
worlds,3
sunset,3
stroke,3
protégés,3
wherever,3
overhaul,3
hurry,3
warped,3
brave,3
improved,3
library,3
ruse,3
spoken,3
floyds,3
stifle,3
pound,3
quid,3
sovereigns,3
corrected,3
eggs,3
boiled,3
egg,3
worry,3
awful,3
chap,3
sneering,3
civilly,3
fever,3
satisfactory,3
jumped,3
dears,3
splashed,3
swallowed,3
willowherb,3
contain,3
seek,3
twelve,3
office,3
dye,3
hearing,3
gate,3
cheek,3
anothers,3
grandchildren,3
season,3
secrecy,3
bicycling,3
coolness,3
duly,3
youi,3
actual,3
absolute,3
muse,3
fun,3
darling,3
descending,3
ahem,3
shins,3
month,3
confused,3
stage,3
expanded,3
equality,3
honest,3
creation,3
flower,3
bathed,3
becomes,3
stands,3
altogether,3
misses,3
deceit,3
references,3
gentlewomen,3
neighbour,3
clerk,3
tenant,3
sadness,3
artistic,3
rent,3
touching,3
agents,3
alp,3
roused,3
o,3
irritable,3
gestures,3
detect,3
lap,3
fence,3
belief,3
generations,3
disgusting,3
indoors,3
stuffy,3
shrine,3
becoming,3
setting,3
ours,3
husband,3
supremely,3
wedding,3
placing,3
reasonable,3
theory,3
anne,3
service,3
darent,3
straw,3
exist,3
owing,3
relations,3
knee,3
elsewhere,3
glancing,3
detected,3
crude,3
musical,3
rehearsed,3
cigarette,3
descend,3
steady,3
sentimental,3
phrases,3
stared,3
vision,3
refined,3
gothic,3
likes,3
mistrust,3
spoiling,3
rich,3
teeth,3
foot,3
page,3
print,3
bone,3
occasionally,3
carpet,3
aloud,3
rush,3
interview,3
improve,3
vexed,3
trunk,3
motionless,3
sooner,3
liking,3
propose,3
vague,3
trembling,3
easier,3
clasped,3
wait,3
danger,3
forgiven,3
sincerity,3
regard,3
storm,3
seriously,3
flash,3
infinitely,3
affect,3
gain,3
interpret,3
interpreted,3
approach,3
pan,3
stepped,3
beat,3
arrival,3
missed,3
escape,3
shattered,3
thicker,3
gracefully,3
continually,3
kicked,3
cigar,3
noble,3
forehead,3
unselfish,3
frame,3
squares,3
entirely,3
railway,3
drivers,3
directions,3
presently,3
correct,3
fighting,3
defeat,3
display,3
abruptly,3
preserve,3
addressed,3
collect,3
begun,3
driven,3
treating,3
lovers,3
succeeded,3
hundred,3
busy,3
considerable,3
interrupt,3
ha,3
interposed,3
converse,3
suspected,3
shown,3
atmosphere,3
guard,3
heroine,3
suffered,3
bewilderment,3
cottages,3
ferns,3
ends,3
struggle,3
gravity,3
greatly,3
fuss,3
watch,3
losing,3
personal,3
breast,3
equal,3
qualities,3
natural,3
scoring,3
willing,3
wonderfully,3
labourer,3
doubted,3
successful,3
dissatisfied,3
appealed,3
rang,3
rapidly,3
sharply,3
vendor,3
worrying,3
respectable,3
fashion,3
immediate,3
needs,3
tumult,3
faintly,3
echoed,3
fond,3
disposed,3
andate,3
wicked,3
british,3
intend,3
raise,3
oclock,3
eight,3
deeply,3
elder,3
aha,3
briskly,3
occupied,3
scenery,3
feared,3
watching,3
cheeks,3
flush,3
changing,3
shopping,3
previous,3
american,3
plans,3
noticing,3
problem,3
search,3
contemplated,3
returns,3
paths,3
childhood,3
modified,3
request,3
mention,3
apologies,3
comradeship,3
abstract,3
crossly,3
thrown,3
murderer,3
cabman,3
wings,3
rested,3
running,3
frowned,3
lightly,3
entrance,3
fairly,3
happens,3
surprising,3
lire,3
fra,3
alinaris,3
central,3
radiant,3
marked,3
springing,3
sweet,3
immortal,3
accomplish,3
unladylike,3
wit,3
companions,3
declining,3
clouds,3
memories,3
chief,3
plan,3
level,3
civil,3
friendly,3
army,3
ideas,3
unsuitable,3
victorian,3
prove,3
commercial,3
meeting,3
unable,3
remarks,3
roaring,3
meanwhile,3
abilities,3
pipe,3
beneath,3
bald,3
superficial,3
hearts,3
foretell,3
provisions,3
profound,3
clerical,3
throat,3
chosen,3
somewhere,3
bridge,3
europe,3
excited,3
dreamily,3
pale,3
sermon,3
appeal,3
theme,3
bars,3
disturbed,3
march,3
drawing,3
respectful,3
lower,3
classes,3
performer,3
player,3
tragic,3
sonatas,3
rejected,3
alike,3
intellect,3
kingdom,3
rebel,3
patronizing,3
waste,3
fail,3
impressed,3
alarm,3
alps,3
employment,3
assented,3
sorrow,3
poetry,3
spread,3
inclined,3
age,3
require,3
dozen,3
della,3
mass,3
walls,3
guess,3
reenter,3
entertained,3
unlike,3
characters,3
plenty,3
whoever,3
cast,3
uneasily,3
faltered,3
john,3
loud,3
observe,3
taint,3
facts,3
worship,3
congregation,3
humour,3
impertinent,3
touchy,3
minding,3
reference,3
niente,3
universe,3
mess,3
bishop,3
virtue,3
saint,3
stone,3
advancing,3
career,3
depressed,3
descended,3
dust,3
whiskers,3
flung,3
mood,3
figures,3
intercourse,3
façade,3
farther,3
dusty,3
declaring,3
shining,3
cheap,3
babies,3
shant,3
females,3
horrid,3
during,3
plainly,3
reaching,3
weve,3
bless,3
disgusted,3
district,3
vote,3
ireland,3
repent,3
cloak,3
treat,3
simple,3
giorno,3
buon,3
darted,3
warm,3
spend,3
fully,3
values,3
tactile,3
painfully,3
entangled,3
embankment,3
marble,3
whereon,3
painted,3
according,3
evil,3
portentous,3
enormous,3
miniato,3
lights,3
protecting,3
enveloped,3
larger,3
guarantee,3
favour,3
belongs,3
energy,3
crept,3
baedekers,3
faded,3
diary,3
thoughtfully,3
triumph,3
civilities,3
order,3
pause,3
venice,3
episode,3
bedroom,3
granted,3
remind,3
suspicious,3
relieve,3
socialist,3
depressing,3
differ,3
value,3
hesitated,3
thoughtful,3
slightly,3
pressed,3
grateful,3
seated,3
grace,3
supported,3
unreliable,3
hastened,3
eyebrows,3
raising,3
plate,3
beggars,3
luck,3
prato,3
settignano,3
fine,3
informed,3
spiritual,3
holiday,3
lovely,3
acquired,3
mumbled,3
censured,3
violently,3
contest,3
obvious,3
fists,3
sympathized,3
class,3
expression,3
build,3
argument,3
illbred,3
peevish,3
voices,3
expenses,3
meat,3
bottles,3
row,3
north,3
ages,3
external,3
possibilities,3
iii,3
release,3
title,3
included,3
anywhere,3
forster,3
