000 (016.000.000) 2023-08-02 15:43:34 Job submitted from host: <10.10.10.51:9618?addrs=10.10.10.51-9618&alias=node0.g1.23.gsdc.org&noUDP&sock=schedd_120565_23eb>
...
000 (016.001.000) 2023-08-02 15:43:34 Job submitted from host: <10.10.10.51:9618?addrs=10.10.10.51-9618&alias=node0.g1.23.gsdc.org&noUDP&sock=schedd_120565_23eb>
...
000 (016.002.000) 2023-08-02 15:43:34 Job submitted from host: <10.10.10.51:9618?addrs=10.10.10.51-9618&alias=node0.g1.23.gsdc.org&noUDP&sock=schedd_120565_23eb>
...
040 (016.002.000) 2023-08-02 15:43:35 Started transferring input files
	Transferring to host: <10.10.10.251:9618?addrs=10.10.10.251-9618&alias=node2.g1.23.gsdc.org&noUDP&sock=slot1_84852_a8f4_19>
...
040 (016.000.000) 2023-08-02 15:43:35 Started transferring input files
	Transferring to host: <10.10.10.24:9618?addrs=10.10.10.24-9618&alias=node3.g1.23.gsdc.org&noUDP&sock=slot1_26792_233b_21>
...
040 (016.002.000) 2023-08-02 15:43:35 Finished transferring input files
...
040 (016.000.000) 2023-08-02 15:43:35 Finished transferring input files
...
040 (016.001.000) 2023-08-02 15:43:35 Started transferring input files
	Transferring to host: <10.10.10.24:9618?addrs=10.10.10.24-9618&alias=node3.g1.23.gsdc.org&noUDP&sock=slot2_26792_233b_22>
...
040 (016.001.000) 2023-08-02 15:43:35 Finished transferring input files
...
001 (016.002.000) 2023-08-02 15:43:36 Job executing on host: <10.10.10.251:9618?addrs=10.10.10.251-9618&alias=node2.g1.23.gsdc.org&noUDP&sock=startd_84816_4cbe>
	SlotName: slot1@node2.g1.23.gsdc.org
	CondorScratchDir = "/var/lib/condor/execute/dir_90664"
	Cpus = 1
	Disk = 2675670
	Memory = 1894
...
001 (016.000.000) 2023-08-02 15:43:36 Job executing on host: <10.10.10.24:9618?addrs=10.10.10.24-9618&alias=node3.g1.23.gsdc.org&noUDP&sock=startd_26758_5741>
	SlotName: slot1@node3.g1.23.gsdc.org
	CondorScratchDir = "/var/lib/condor/execute/dir_27217"
	Cpus = 1
	Disk = 3300458
	Memory = 1894
...
001 (016.001.000) 2023-08-02 15:43:36 Job executing on host: <10.10.10.24:9618?addrs=10.10.10.24-9618&alias=node3.g1.23.gsdc.org&noUDP&sock=startd_26758_5741>
	SlotName: slot2@node3.g1.23.gsdc.org
	CondorScratchDir = "/var/lib/condor/execute/dir_27218"
	Cpus = 1
	Disk = 3300458
	Memory = 1894
...
006 (016.002.000) 2023-08-02 15:43:36 Image size of job updated: 3776
	1  -  MemoryUsage of job (MB)
	52  -  ResidentSetSize of job (KB)
...
040 (016.002.000) 2023-08-02 15:43:36 Started transferring output files
...
040 (016.002.000) 2023-08-02 15:43:36 Finished transferring output files
...
005 (016.002.000) 2023-08-02 15:43:36 Job terminated.
	(1) Normal termination (return value 0)
		Usr 0 00:00:00, Sys 0 00:00:00  -  Run Remote Usage
		Usr 0 00:00:00, Sys 0 00:00:00  -  Run Local Usage
		Usr 0 00:00:00, Sys 0 00:00:00  -  Total Remote Usage
		Usr 0 00:00:00, Sys 0 00:00:00  -  Total Local Usage
	10544  -  Run Bytes Sent By Job
	170970  -  Run Bytes Received By Job
	10544  -  Total Bytes Sent By Job
	170970  -  Total Bytes Received By Job
	Partitionable Resources :    Usage  Request Allocated 
	   Cpus                 :                 1         1 
	   Disk (KB)            :      187      175   2675670 
	   Memory (MB)          :        1        1      1894 

	Job terminated of its own accord at 2023-08-02T06:43:34Z with exit-code 0.
...
006 (016.000.000) 2023-08-02 15:43:36 Image size of job updated: 4424
	1  -  MemoryUsage of job (MB)
	24  -  ResidentSetSize of job (KB)
...
040 (016.000.000) 2023-08-02 15:43:36 Started transferring output files
...
040 (016.000.000) 2023-08-02 15:43:36 Finished transferring output files
...
005 (016.000.000) 2023-08-02 15:43:36 Job terminated.
	(1) Normal termination (return value 0)
		Usr 0 00:00:00, Sys 0 00:00:00  -  Run Remote Usage
		Usr 0 00:00:00, Sys 0 00:00:00  -  Run Local Usage
		Usr 0 00:00:00, Sys 0 00:00:00  -  Total Remote Usage
		Usr 0 00:00:00, Sys 0 00:00:00  -  Total Local Usage
	23071  -  Run Bytes Sent By Job
	416889  -  Run Bytes Received By Job
	23071  -  Total Bytes Sent By Job
	416889  -  Total Bytes Received By Job
	Partitionable Resources :    Usage  Request Allocated 
	   Cpus                 :                 1         1 
	   Disk (KB)            :      439      425   3300458 
	   Memory (MB)          :        1        1      1894 

	Job terminated of its own accord at 2023-08-02T06:43:35Z with exit-code 0.
...
006 (016.001.000) 2023-08-02 15:43:37 Image size of job updated: 6152
	1  -  MemoryUsage of job (MB)
	128  -  ResidentSetSize of job (KB)
...
040 (016.001.000) 2023-08-02 15:43:37 Started transferring output files
...
040 (016.001.000) 2023-08-02 15:43:37 Finished transferring output files
...
005 (016.001.000) 2023-08-02 15:43:37 Job terminated.
	(1) Normal termination (return value 0)
		Usr 0 00:00:00, Sys 0 00:00:00  -  Run Remote Usage
		Usr 0 00:00:00, Sys 0 00:00:00  -  Run Local Usage
		Usr 0 00:00:00, Sys 0 00:00:00  -  Total Remote Usage
		Usr 0 00:00:00, Sys 0 00:00:00  -  Total Local Usage
	68389  -  Run Bytes Sent By Job
	1277529  -  Run Bytes Received By Job
	68389  -  Total Bytes Sent By Job
	1277529  -  Total Bytes Received By Job
	Partitionable Resources :    Usage  Request Allocated 
	   Cpus                 :                 1         1 
	   Disk (KB)            :     1323     1250   3300458 
	   Memory (MB)          :        1        1      1894 

	Job terminated of its own accord at 2023-08-02T06:43:36Z with exit-code 0.
...
