the,14614
of,6716
and,6447
a,4696
to,4661
in,4216
that,2955
his,2522
it,2383
i,1943
but,1780
with,1768
he,1750
as,1731
is,1728
was,1638
for,1625
all,1494
this,1411
at,1324
by,1225
not,1158
from,1104
on,1061
be,1056
him,1046
so,1043
whale,966
you,935
one,892
or,794
had,777
have,773
there,767
now,765
were,681
they,659
which,647
their,619
are,619
then,617
some,615
me,609
when,597
an,594
my,586
no,581
like,575
upon,567
what,544
into,523
out,521
up,513
more,505
if,497
its,465
them,459
we,449
old,442
man,435
would,427
ye,421
ahab,421
other,416
been,415
over,404
these,399
whales,397
will,395
ship,384
sea,379
only,374
such,373
though,364
down,362
any,361
yet,339
who,336
time,323
her,323
very,321
long,316
do,315
about,315
than,310
chapter,308
still,307
those,306
great,305
before,299
captain,294
said,294
has,293
must,291
here,287
most,285
two,283
seemed,281
last,273
head,269
thou,264
see,264
after,261
your,258
way,257
again,251
did,251
little,249
white,249
may,249
boat,246
while,244
round,242
how,241
sperm,240
three,237
first,236
us,235
through,231
every,230
stubb,230
say,226
men,225
well,224
much,222
being,218
could,215
queequeg,212
our,210
same,209
where,208
off,206
own,205
never,203
can,203
himself,200
hand,196
good,195
almost,195
ever,192
even,187
go,186
side,185
should,184
thing,183
might,182
look,179
boats,178
made,176
away,176
too,175
come,173
starbuck,170
among,167
many,167
water,165
without,161
sir,160
seen,160
day,160
deck,160
far,159
nor,155
ships,154
eyes,154
world,154
sort,152
part,151
cried,150
back,150
once,148
thought,148
know,146
right,146
oh,138
life,138
whole,137
air,137
aye,135
crew,135
let,134
against,134
thus,133
take,133
each,129
soon,129
things,129
came,129
thee,129
night,129
tell,128
hands,126
feet,126
pequod,126
small,125
full,125
till,122
both,121
under,121
between,119
something,119
line,119
found,118
god,118
she,117
think,117
just,116
towards,115
whaling,115
make,114
thy,113
called,112
another,111
times,110
along,110
dont,110
nothing,110
place,109
saw,109
why,107
poor,107
body,107
heard,105
work,105
sight,103
fish,102
moment,100
high,100
voyage,99
end,98
went,97
years,97
does,97
hold,96
strange,96
shall,96
flask,96
nantucket,96
get,95
hes,95
face,94
few,94
also,93
project,92
because,91
dead,91
stand,91
certain,91
stood,90
leviathan,90
however,90
half,89
indeed,88
whether,88
days,88
leg,88
black,87
perhaps,87
new,87
seas,87
sometimes,87
am,87
seems,86
whose,86
going,86
give,86
true,85
seem,84
itself,84
matter,84
heart,84
sun,83
set,83
standing,82
wild,82
eye,81
hard,81
always,80
sail,80
within,80
known,80
arm,80
present,79
young,79
moby,79
ere,78
soul,78
large,78
oil,78
tail,78
mind,77
death,77
length,77
ahabs,77
ill,76
sailor,76
beneath,76
cabin,76
dick,76
iron,75
light,75
lay,75
land,75
done,74
enough,74
harpooneer,74
instant,74
least,74
thats,73
cannot,73
vast,73
bildad,72
often,72
morning,72
put,72
living,72
word,72
bed,71
jonah,71
harpoon,70
general,70
near,70
case,70
peleg,68
rather,68
point,68
open,68
name,68
keep,67
business,67
whalemen,67
ocean,67
four,67
waters,66
turned,66
wind,66
deep,66
therefore,66
yes,65
left,65
having,65
myself,65
best,65
pip,64
looked,64
order,64
reason,63
better,63
hear,63
since,63
lord,63
lower,62
further,62
board,62
fire,62
together,61
mate,61
turn,61
second,60
fishery,60
live,59
theres,59
themselves,59
forth,58
mr,58
harpooneers,58
mouth,58
fine,57
feel,57
book,57
gutenbergtm,56
next,56
chase,56
looking,56
peculiar,56
dark,55
home,55
short,55
call,55
above,55
aloft,55
find,55
entire,54
curious,54
sailors,54
goes,54
gone,54
others,54
less,54
began,53
jaw,53
blood,53
grand,53
below,52
comes,52
bottom,52
broad,52
slowly,52
sharks,52
run,52
coming,52
tashtego,51
mates,51
mans,51
used,51
rest,51
particular,51
turning,51
close,51
taken,51
indian,51
ivory,50
nevertheless,50
suddenly,50
taking,50
forward,50
thousand,50
hundred,50
stern,50
besides,50
view,50
story,50
mark,50
pequods,49
took,49
craft,49
form,49
behind,49
english,49
bows,48
whats,48
savage,48
common,48
cook,48
green,48
speak,48
several,48
lost,48
means,47
kept,47
ten,47
mighty,47
waves,47
coffin,47
teeth,47
use,47
got,46
broken,46
else,46
struck,46
voice,46
told,46
cut,46
touching,46
whatever,46
watch,46
fast,45
fact,45
anything,45
sleep,45
sure,45
sat,45
vessel,45
king,45
whom,45
heads,45
spout,44
running,44
room,44
especially,44
wide,44
caught,44
works,44
bones,44
somehow,44
captains,43
sudden,43
people,43
says,43
rolled,43
straight,43
knew,43
chance,43
noble,43
making,43
devil,43
carpenter,43
parts,43
wondrous,42
concerning,42
stranger,42
em,42
seamen,42
passed,42
blue,42
nigh,42
hours,42
purpose,42
heaven,42
alone,42
pull,41
surface,41
sound,41
felt,41
quite,41
rope,41
lance,41
gods,41
art,41
mere,41
brow,40
course,40
wont,40
saying,40
help,40
mine,40
door,40
wake,40
fellow,40
nature,40
clear,40
queer,40
forecastle,40
ground,39
makes,39
plain,39
hour,39
various,39
mortal,39
monster,39
distance,39
plainly,39
calm,39
earth,39
oars,38
power,38
creature,38
gave,38
darted,38
sharp,38
sailed,38
single,38
mass,38
object,38
bow,38
around,38
either,38
brought,38
given,37
aspect,37
cry,37
held,37
five,37
ready,37
bone,37
human,37
suppose,37
famous,37
quick,37
boys,37
mean,37
manner,37
placed,37
creatures,37
fixed,37
hat,37
bulwarks,37
masthead,37
steelkilt,36
gentlemen,36
natural,36
flukes,36
whaleman,36
truth,36
seeing,36
unknown,36
low,36
cape,36
bear,36
legs,36
previous,36
fell,36
nearly,36
coast,36
greenland,36
leaving,36
daggoo,35
turns,35
hope,35
arms,35
holding,35
middle,35
easy,35
strong,35
pacific,35
pipe,35
start,35
de,34
sailing,34
gold,34
heavy,34
thoughts,34
wonder,34
forehead,34
red,34
sign,34
shot,34
american,34
passage,34
account,34
ashore,34
killed,34
skeleton,34
sails,33
remained,33
hardly,33
top,33
completely,33
none,33
fair,33
skin,33
company,33
want,33
house,33
stop,33
already,33
idea,33
free,33
fear,33
fifty,33
terms,33
except,32
hence,32
proper,32
show,32
during,32
drawing,32
hammock,32
planks,32
ha,32
rigging,32
mad,32
cant,32
doubt,32
bulk,32
strike,32
brain,32
hull,31
rising,31
instances,31
dye,31
intervals,31
nose,31
woe,31
across,31
third,31
weather,31
mariners,31
landlord,31
table,31
visible,31
lines,31
didnt,31
darkness,31
considering,31
unless,31
chief,31
mastheads,31
species,31
ago,31
try,31
received,31
generally,31
rolling,31
wood,31
quarterdeck,31
gutenberg,31
born,30
aft,30
pass,30
helm,30
cast,30
carried,30
substance,30
read,30
sky,30
soft,30
jet,30
harpoons,30
really,30
boy,30
possibly,30
upper,30
vessels,30
possible,30
island,30
miles,30
steel,30
huge,30
swimming,30
late,30
hoisted,29
leeward,29
hammer,29
strangely,29
suspended,29
die,29
sideways,29
question,29
person,29
certainly,29
stands,29
final,29
tossed,29
words,29
foot,29
cold,29
act,29
ones,29
vain,29
smoke,29
hell,29
steady,29
entirely,29
fresh,29
pretty,29
jaws,29
altogether,29
supper,29
o,28
glance,28
touch,28
thinking,28
ive,28
become,28
shipmates,28
hung,28
meanwhile,28
following,28
horn,28
astern,28
mast,28
considerable,28
mild,28
leaning,28
hast,28
ancient,28
electronic,27
alongside,27
wholly,27
aside,27
queequegs,27
giving,27
eyeing,27
feeling,27
number,27
spring,27
wooden,27
flying,27
believe,27
knows,27
whaleship,27
finally,27
hunters,27
kind,27
lie,27
state,27
sides,27
hearts,27
stubbs,27
blubber,26
according,26
pointed,26
bodily,26
dropped,26
command,26
scene,26
sweet,26
law,26
circumstance,26
takes,26
otherwise,26
im,26
getting,26
somewhat,26
fancy,26
ears,26
followed,26
started,26
circumstances,26
yourself,26
seated,26
silent,26
degree,26
gale,26
enormous,26
kings,26
carry,26
floating,26
dutch,26
talk,26
kill,26
cutting,26
dart,26
fedallah,26
whiteness,26
midnight,26
friend,26
country,26
states,26
foundation,25
blow,25
ahead,25
whaleboat,25
souls,25
bearing,25
keel,25
complete,25
similar,25
duty,25
precisely,25
interval,25
chest,25
cases,25
hump,25
afterwards,25
thick,25
nay,25
drop,25
different,25
bit,25
front,25
bright,25
royal,25
fishermen,25
seldom,25
masts,25
thirty,25
learned,25
yards,25
play,25
regarded,25
honor,25
oar,24
pulling,24
level,24
remains,24
thyself,24
spread,24
strength,24
hinted,24
twenty,24
overboard,24
instead,24
looks,24
commanded,24
skull,24
added,24
swift,24
worlds,24
wall,24
became,24
exactly,24
answer,24
watery,24
storm,24
regular,24
tis,24
love,24
thrown,24
globe,24
battle,24
warm,24
shore,24
united,24
st,23
secret,23
remain,23
consider,23
circle,23
escape,23
speaking,23
rose,23
beat,23
burst,23
alive,23
instantly,23
ran,23
hidden,23
real,23
passing,23
hot,23
cause,23
flew,23
lances,23
fiery,23
tall,23
beyond,23
perils,23
drawn,23
aint,23
orders,23
pursuit,23
bound,23
thunder,23
forty,23
year,23
six,23
history,23
grow,23
coat,23
attached,22
fin,22
hunt,22
gazing,22
owing,22
dashed,22
meantime,22
sink,22
lets,22
heres,22
devils,22
descried,22
hint,22
deadly,22
flesh,22
drew,22
pagan,22
terrible,22
higher,22
filled,22
centre,22
wonderful,22
port,22
lives,22
eight,22
striking,22
stove,22
french,22
south,22
original,22
magnitude,22
shark,22
aboard,22
lakeman,21
beheld,21
leviathans,21
advance,21
windward,21
windlass,21
loose,21
mainmast,21
base,21
lad,21
terrors,21
step,21
age,21
lofty,21
quickly,21
ways,21
follow,21
likewise,21
break,21
spare,21
hole,21
minutes,21
hair,21
subject,21
truly,21
repeated,21
spot,21
negro,21
formed,21
thinks,21
decks,21
oceans,21
winds,21
rear,21
directly,21
answered,21
sing,21
somewhere,21
heavens,21
doubloon,21
parsee,20
dat,20
radney,20
gunwale,20
terror,20
lowered,20
cruising,20
golden,20
evinced,20
dignity,20
invested,20
canst,20
hailed,20
officers,20
dost,20
moreover,20
hanging,20
billows,20
laid,20
son,20
prow,20
father,20
died,20
slightest,20
profound,20
past,20
outer,20
beginning,20
sleeping,20
raised,20
fain,20
gigantic,20
dim,20
sitting,20
inches,20
swung,20
ah,20
needs,20
separate,20
lies,20
distant,20
virtue,20
meet,20
everything,20
pilot,20
swam,20
crews,20
important,20
spermaceti,20
master,20
holy,20
swim,20
former,20
log,20
pictures,20
copyright,19
don,19
pole,19
whalers,19
starbucks,19
rapidly,19
sorts,19
squall,19
advancing,19
nantucketer,19
casks,19
wise,19
whaler,19
merely,19
reached,19
swiftly,19
upwards,19
eternal,19
silence,19
solitary,19
stuff,19
hunted,19
awful,19
precise,19
wife,19
smoking,19
marked,19
game,19
concluded,19
yellow,19
jacket,19
floor,19
seat,19
avast,19
worse,19
presented,19
deeper,19
hollow,19
leaves,19
quietly,19
tree,19
vicinity,19
ordinary,19
largest,19
ribs,19
gabriel,19
empty,19
lightning,19
blacksmith,19
lamp,19
tryworks,19
glory,19
license,19
copy,19
agreement,18
precious,18
scuttle,18
period,18
seized,18
revealed,18
chiefly,18
horizon,18
intense,18
drink,18
breeze,18
gentleman,18
owners,18
future,18
regularly,18
gives,18
fall,18
brave,18
spite,18
leave,18
places,18
lying,18
fight,18
prodigious,18
anchor,18
thereby,18
understand,18
guess,18
dropping,18
inside,18
met,18
sake,18
height,18
telling,18
sought,18
crossing,18
cannibal,18
opposite,18
drive,18
england,18
presently,18
ice,18
bedford,18
nameless,18
jolly,18
difference,18
pay,18
beach,18
picture,18
yonder,18
content,18
ishmael,18
interest,18
engaged,18
observed,18
atlantic,18
bring,18
forced,18
modern,18
whereas,18
pale,18
lowering,18
lee,18
thin,17
example,17
continually,17
solid,17
minute,17
longer,17
rise,17
foolish,17
originally,17
shape,17
affair,17
captured,17
madness,17
sent,17
native,17
spirit,17
rush,17
hitherto,17
starboard,17
inserted,17
thine,17
rocks,17
gaze,17
whence,17
lo,17
months,17
dragged,17
figure,17
fatal,17
flame,17
previously,17
tomahawk,17
bad,17
evening,17
rate,17
lips,17
trying,17
careful,17
thrust,17
instance,17
trunk,17
west,17
east,17
bold,17
christian,17
bore,17
fail,17
weight,17
voyages,17
islands,17
friends,17
including,17
roll,17
immediately,17
animal,17
delight,17
using,17
oarsmen,16
irons,16
mentioned,16
race,16
porpoise,16
folio,16
horizontal,16
scientific,16
steward,16
encountered,16
encounter,16
flames,16
beef,16
uncommon,16
barrels,16
moments,16
fro,16
happened,16
amid,16
feels,16
freely,16
whos,16
straits,16
paused,16
distinct,16
fully,16
fate,16
individual,16
fellows,16
laugh,16
behold,16
watching,16
civilized,16
dog,16
remember,16
heat,16
slid,16
neck,16
furnished,16
showed,16
actually,16
plank,16
clean,16
fairly,16
pleasant,16
proved,16
floated,16
unaccountable,16
invisible,16
merchant,16
earthly,16
keen,16
putting,16
jump,16
meaning,16
carries,16
thousands,16
town,16
whenever,16
rare,16
impossible,16
mystic,16
hussey,16
blows,16
numerous,16
main,16
stroke,16
joy,16
respect,16
charge,16
special,16
whalebone,16
spouts,16
breath,16
motion,16
immense,16
please,16
sit,16
loosefish,16
fastfish,16
prophet,16
pulpit,16
laws,16
anywhere,16
donations,15
tackles,15
pumps,15
blind,15
cunning,15
spine,15
compass,15
additional,15
ii,15
lifted,15
binnacle,15
flag,15
torn,15
critical,15
latitudes,15
elephant,15
heave,15
heaving,15
grey,15
yield,15
latter,15
frantic,15
children,15
nearer,15
eh,15
noon,15
ends,15
books,15
grown,15
secured,15
marks,15
perilous,15
pitch,15
sank,15
position,15
shake,15
silently,15
fore,15
wound,15
fit,15
roman,15
missing,15
utmost,15
shadow,15
faith,15
marble,15
apart,15
seek,15
ho,15
exceedingly,15
signs,15
drag,15
ages,15
shock,15
troubled,15
keeping,15
dry,15
palms,15
coward,15
dinner,15
employed,15
spoke,15
save,15
tried,15
disappeared,15
breaking,15
shouted,15
violent,15
space,15
working,15
fill,15
wrinkled,15
grass,15
plenty,15
glass,15
spray,15
muttered,15
doom,15
pushed,15
weary,15
bag,15
doing,15
endless,15
helped,15
marvellous,15
knowing,15
lungs,15
ourselves,15
isles,15
return,15
send,15
rushed,15
wish,15
mention,15
afraid,15
supposed,15
frequently,15
twelve,15
moving,15
opening,15
boiling,15
foam,15
sword,15
pains,15
tun,15
hark,15
character,15
perth,14
bucket,14
elephants,14
seizing,14
contact,14
minds,14
horrible,14
ring,14
occasionally,14
hail,14
simultaneously,14
knife,14
customary,14
doughboy,14
row,14
terrific,14
firm,14
darting,14
split,14
lively,14
intent,14
fool,14
deemed,14
perceived,14
foe,14
chased,14
rushing,14
yojo,14
superior,14
effect,14
food,14
carrying,14
direction,14
leak,14
matters,14
blast,14
asked,14
gained,14
gliding,14
crown,14
dare,14
reach,14
pointing,14
locked,14
need,14
written,14
opinion,14
continual,14
unseen,14
wrinkles,14
immortal,14
grew,14
notice,14
forming,14
planted,14
canvas,14
hue,14
worth,14
events,14
nights,14
glided,14
inch,14
closely,14
child,14
moved,14
continued,14
considered,14
mounted,14
measure,14
entered,14
shadows,14
yea,14
window,14
corner,14
faces,14
meant,14
quarter,14
crossed,14
partly,14
arrived,14
tormented,14
officer,14
phantom,14
receiving,14
streets,14
city,14
throw,14
departed,14
returned,14
indirectly,14
probably,14
leaping,14
points,14
rolls,14
capture,14
mariner,14
colour,14
london,14
reference,14
equal,14
towing,14
rock,14
proceed,14
summer,14
fly,14
sixty,14
monsters,14
gay,14
dying,14
ambergris,14
meets,14
stars,14
mountains,14
queen,14
archive,13
literary,13
trademark,13
bunger,13
herd,13
circles,13
corpse,13
canal,13
season,13
german,13
sinking,13
latitude,13
readily,13
erect,13
flank,13
token,13
remarkable,13
conceit,13
elijah,13
neither,13
volume,13
swear,13
practical,13
stout,13
tiller,13
mrs,13
pots,13
declared,13
leap,13
roared,13
forms,13
lived,13
prove,13
fathoms,13
greater,13
leaned,13
straightway,13
eager,13
sooner,13
cries,13
lesson,13
jonahs,13
buried,13
theirs,13
hither,13
gain,13
ladies,13
strangers,13
slightly,13
shook,13
piled,13
subsequent,13
sprang,13
idol,13
pulled,13
honest,13
chanced,13
spoken,13
tore,13
lighted,13
big,13
cool,13
broke,13
calmly,13
private,13
bears,13
resolved,13
chap,13
fingers,13
bench,13
carved,13
church,13
hearing,13
wherefore,13
paid,13
sweep,13
sense,13
reaching,13
extreme,13
money,13
lads,13
savages,13
possession,13
elsewhere,13
lookouts,13
hit,13
belonged,13
dangerous,13
lead,13
utterly,13
setting,13
bread,13
polar,13
visit,13
doubtless,13
shoulders,13
ponderous,13
secure,13
quantity,13
swallowed,13
sunrise,13
birds,13
glancing,13
nations,13
breakfast,13
supplied,13
ebook,13
guernseyman,12
ginger,12
dam,12
tub,12
catch,12
ropes,12
firmly,12
oarsman,12
fourth,12
leaped,12
wreck,12
fleece,12
id,12
enchanted,12
dumb,12
tower,12
tossing,12
external,12
iii,12
octavo,12
system,12
whaleships,12
descend,12
loaded,12
usage,12
manned,12
peril,12
beware,12
murmured,12
lantern,12
steering,12
vapor,12
spars,12
den,12
becomes,12
ghost,12
rapid,12
happens,12
wonders,12
insult,12
seven,12
force,12
didst,12
fitted,12
leading,12
painted,12
smells,12
draw,12
nantucketers,12
strain,12
rib,12
bursting,12
barbs,12
settled,12
fearful,12
toil,12
naked,12
harbor,12
naturally,12
lonely,12
excellent,12
heaved,12
conduct,12
direct,12
afloat,12
conscience,12
bowels,12
resting,12
calls,12
hoisting,12
touched,12
speed,12
solemn,12
offered,12
removed,12
centuries,12
mankind,12
beings,12
caused,12
countenance,12
isle,12
moody,12
tapering,12
trowsers,12
scarce,12
malice,12
vengeance,12
unusual,12
motions,12
bent,12
naught,12
greatest,12
mother,12
thank,12
shipped,12
bird,12
lean,12
contrast,12
shipmate,12
landed,12
cursed,12
central,12
slain,12
mixed,12
sweeping,12
handle,12
lengthwise,12
oriental,12
howling,12
quiet,12
swinging,12
interior,12
loud,12
boots,12
north,12
connected,12
social,12
sounds,12
sights,12
contrary,12
begin,12
sadly,12
falling,12
hook,12
tied,12
noise,12
comrades,12
pair,12
twice,12
spouting,12
hill,12
john,12
names,12
dread,12
america,12
southern,12
deal,12
prey,12
fat,12
exceeding,12
ad,12
narrative,12
size,12
prepared,12
job,12
spanish,12
named,12
letter,12
forge,12
virgin,12
prairie,12
monstrous,12
enter,12
street,12
included,12
paragraph,11
um,11
haul,11
warp,11
horses,11
symbol,11
monomaniac,11
snowwhite,11
mountain,11
sounding,11
objects,11
glad,11
fins,11
beholding,11
agree,11
derived,11
smaller,11
field,11
eating,11
advanced,11
repose,11
elevated,11
perseus,11
subtle,11
indifferent,11
hunter,11
welded,11
invariably,11
forget,11
wet,11
capstan,11
luck,11
pick,11
belong,11
meeting,11
fastened,11
steadily,11
knowledge,11
lovely,11
fashion,11
indispensable,11
temporary,11
barbaric,11
features,11
strongly,11
remaining,11
herds,11
stripped,11
commander,11
reasons,11
vocation,11
wore,11
desperate,11
chains,11
shut,11
peace,11
stay,11
waist,11
swells,11
burning,11
temple,11
observe,11
commotion,11
floats,11
wicked,11
obvious,11
evil,11
wharf,11
cross,11
seeking,11
ear,11
prolonged,11
bible,11
ladder,11
spiritual,11
significant,11
grave,11
memory,11
mist,11
sleet,11
burn,11
peculiarities,11
calling,11
begins,11
piece,11
experienced,11
clouds,11
spell,11
concluding,11
carefully,11
escaped,11
singing,11
noticed,11
unearthly,11
cannibals,11
jumped,11
mat,11
double,11
kick,11
blessed,11
early,11
fetch,11
narrow,11
carpenters,11
cover,11
oclock,11
starting,11
whispered,11
desired,11
downwards,11
perpendicular,11
throwing,11
picked,11
ashes,11
blackness,11
service,11
inn,11
gloom,11
pieces,11
eat,11
snow,11
remote,11
judgment,11
awe,11
family,11
horse,11
care,11
drowned,11
image,11
crazy,11
infallibly,11
involuntarily,11
grim,11
upright,11
appearance,11
northern,11
samuel,11
demanded,11
convenient,11
mysterious,11
wave,11
dived,11
element,11
fifteen,11
pirates,11
letters,11
hoops,11
smell,11
baleen,11
stream,11
foul,11
wine,11
valuable,11
ignorance,11
tongue,11
dish,11
crotch,11
stone,11
scenes,11
sunset,11
cetology,11
ramadan,11
chapel,11
refund,10
access,10
derick,10
rods,10
dense,10
steak,10
information,10
hemp,10
coiled,10
heading,10
easily,10
event,10
lima,10
appalling,10
superstitious,10
swell,10
poles,10
perch,10
summit,10
mount,10
murderous,10
blinds,10
skies,10
spirits,10
lip,10
detached,10
host,10
grounds,10
narwhale,10
woods,10
mood,10
manxman,10
throughout,10
tambourine,10
retained,10
quest,10
headsman,10
square,10
kingpost,10
divided,10
valiant,10
endure,10
imperial,10
approaching,10
wanting,10
coils,10
relieved,10
finger,10
thrusting,10
domestic,10
entitled,10
mothers,10
murder,10
stricken,10
accursed,10
stump,10
sliding,10
party,10
owner,10
pious,10
experience,10
quaker,10
helmsman,10
term,10
century,10
alike,10
japanese,10
aught,10
concern,10
nearest,10
vague,10
impressions,10
backs,10
block,10
ignorant,10
boldly,10
canoe,10
hints,10
mortals,10
gently,10
receive,10
ask,10
discovered,10
shroud,10
hideous,10
until,10
berth,10
depths,10
smallest,10
lift,10
closed,10
uplifted,10
gaining,10
provided,10
venerable,10
methinks,10
vital,10
japan,10
shortly,10
fathers,10
mostly,10
glimpse,10
descending,10
serious,10
softly,10
dream,10
strip,10
odd,10
clothes,10
angels,10
surprise,10
lashed,10
walls,10
stairs,10
pitched,10
grinning,10
changed,10
plan,10
news,10
direful,10
meat,10
projecting,10
remotest,10
gazed,10
faint,10
midst,10
alas,10
hovering,10
earnest,10
equator,10
lights,10
pity,10
dear,10
pocket,10
gradually,10
brief,10
served,10
simple,10
silver,10
thither,10
nailed,10
landsmen,10
striving,10
bringing,10
pausing,10
exclaimed,10
occasion,10
brother,10
replied,10
damn,10
whalemans,10
pursued,10
occurred,10
curiosity,10
destroyed,10
papers,10
threw,10
flood,10
led,10
inferior,10
velocity,10
driven,10
stranded,10
fierce,10
active,10
articles,10
afternoon,10
armed,10
tow,10
attend,10
stretched,10
skill,10
beating,10
appeared,10
sacred,10
mildly,10
dust,10
lifebuoy,10
needle,10
squeeze,10
blanket,10
brit,10
albatross,10
combined,9
lid,9
considerably,9
links,9
clinging,9
spouthole,9
provide,9
strained,9
townho,9
rail,9
wing,9
slow,9
occasional,9
associated,9
sad,9
vivid,9
leagues,9
lake,9
depth,9
tubs,9
float,9
fowls,9
tumultuous,9
bellies,9
presumed,9
reserved,9
intended,9
lodged,9
clumsy,9
recognised,9
rises,9
particulars,9
regard,9
spear,9
naturalists,9
halloa,9
jets,9
kicked,9
violently,9
crack,9
sole,9
fury,9
soil,9
watches,9
brains,9
agent,9
rack,9
hum,9
sparkling,9
withstand,9
reasonable,9
limbs,9
hundreds,9
courage,9
action,9
hereafter,9
task,9
accounted,9
hereby,9
apparition,9
shoulder,9
uncertain,9
dawn,9
involved,9
score,9
levelled,9
quohog,9
simply,9
mouths,9
intolerable,9
change,9
loss,9
sick,9
able,9
temporarily,9
steer,9
wants,9
yours,9
inclined,9
wilt,9
seaman,9
worn,9
forgotten,9
tomorrow,9
apparently,9
directions,9
malicious,9
cod,9
indians,9
cask,9
consternation,9
snatching,9
furnish,9
dash,9
influence,9
priest,9
worship,9
pressed,9
sensible,9
singular,9
occupied,9
lifting,9
listen,9
learn,9
smooth,9
downward,9
flight,9
usual,9
judge,9
intently,9
crowd,9
finds,9
accounts,9
mercy,9
borne,9
bowed,9
foremost,9
taste,9
headed,9
youth,9
mapple,9
sufficiently,9
unspeakable,9
yesterday,9
despair,9
wear,9
reading,9
hardy,9
women,9
tempest,9
reel,9
mediterranean,9
sum,9
contrasting,9
vigorous,9
movement,9
weeks,9
wrapped,9
sending,9
daylight,9
scattered,9
spent,9
succeeded,9
whereby,9
ease,9
attention,9
shuddering,9
war,9
suns,9
independent,9
stuck,9
properly,9
comfortable,9
clam,9
mystery,9
confidential,9
beget,9
rage,9
immediate,9
pine,9
anybody,9
stiff,9
muffled,9
hurrah,9
spend,9
box,9
flasks,9
attempt,9
yon,9
flung,9
wildly,9
winter,9
anon,9
nervous,9
society,9
frozen,9
moored,9
shaking,9
outside,9
rows,9
opened,9
miserable,9
paced,9
anxious,9
pleased,9
shirt,9
horror,9
everlasting,9
activity,9
spar,9
fowl,9
salt,9
mystical,9
sand,9
trees,9
plunged,9
magic,9
compasses,9
needles,9
seemingly,9
pacing,9
china,9
cherish,9
growing,9
driving,9
bethink,9
ball,9
cruise,9
nine,9
raise,9
extremity,9
scoresby,9
tremendous,9
persons,9
covered,9
roaring,9
express,9
property,9
attack,9
larger,9
afford,9
belly,9
pipes,9
mistake,9
trouble,9
bodies,9
wounded,9
incredible,9
scarcely,9
swallow,9
tribe,9
fare,9
greek,9
arched,9
school,9
public,9
compared,9
candles,9
quadrant,9
schools,9
fountain,9
heidelburgh,9
august,9
author,9
fee,8
copies,8
beer,8
hey,8
duke,8
harem,8
measured,8
spinal,8
vertebræ,8
spade,8
submerged,8
mayhew,8
rod,8
snapped,8
cord,8
keels,8
hoist,8
wrecked,8
section,8
bowsman,8
hatchway,8
canallers,8
sebastian,8
occur,8
equally,8
storms,8
published,8
dimly,8
worked,8
gunwales,8
rowing,8
tooth,8
perched,8
loom,8
lashing,8
dashing,8
whaleline,8
historical,8
breadth,8
blank,8
buffalo,8
beauty,8
hunting,8
alarm,8
rumors,8
revenge,8
bubbles,8
seize,8
hate,8
closer,8
measureless,8
specific,8
transparent,8
inscrutable,8
rocking,8
revolving,8
admit,8
contrivances,8
tackle,8
vial,8
comparatively,8
preliminary,8
chances,8
problem,8
swings,8
daily,8
obedience,8
grandeur,8
official,8
fluid,8
huzza,8
brute,8
specially,8
bestowed,8
duodecimo,8
seventy,8
leviathanic,8
tells,8
pride,8
dancing,8
layer,8
office,8
popularly,8
taffrail,8
calculated,8
securing,8
hammered,8
divine,8
vitality,8
discovery,8
distinctly,8
infinite,8
lone,8
cheese,8
cheer,8
quit,8
issued,8
hauled,8
sleepers,8
slide,8
tongs,8
bless,8
typhoon,8
lose,8
whaleboats,8
walking,8
la,8
goodbye,8
withdrawing,8
solemnly,8
eventually,8
exact,8
spilled,8
obliquely,8
hearty,8
wigwam,8
melancholy,8
steered,8
accordingly,8
inasmuch,8
lady,8
butter,8
fearless,8
seasons,8
surrounded,8
blade,8
bits,8
shooting,8
swept,8
parted,8
expression,8
homage,8
proceeds,8
unlike,8
bull,8
coffins,8
intention,8
throne,8
christians,8
flash,8
bay,8
serene,8
rich,8
knees,8
join,8
mechanically,8
chat,8
phrase,8
lurked,8
phantoms,8
intensity,8
sublime,8
desire,8
popular,8
peering,8
proud,8
hatches,8
motionless,8
moon,8
finding,8
anguish,8
coin,8
thrice,8
runs,8
search,8
wrong,8
worthy,8
lurks,8
joppa,8
wherein,8
sin,8
page,8
folded,8
ordered,8
authority,8
snowy,8
outward,8
affected,8
towed,8
grief,8
congregation,8
returning,8
girls,8
match,8
beautiful,8
milk,8
foreign,8
applied,8
timid,8
walk,8
western,8
backward,8
joke,8
operation,8
crushed,8
slight,8
strove,8
move,8
daring,8
awake,8
sheets,8
kille,8
biscuit,8
twisted,8
tattooed,8
squares,8
eagerness,8
infernal,8
hurry,8
containing,8
belonging,8
wouldnt,8
stopped,8
wanted,8
stark,8
respects,8
highest,8
belongs,8
sell,8
keeps,8
chair,8
ought,8
seeming,8
bulkington,8
slipped,8
brown,8
concerned,8
youll,8
monkey,8
couldnt,8
jackknife,8
settle,8
bitter,8
ranged,8
ark,8
glittering,8
blasted,8
unnatural,8
masses,8
entry,8
connexion,8
wretched,8
entering,8
houses,8
conclude,8
sounded,8
dismal,8
bowsprit,8
offer,8
perceive,8
marvels,8
pure,8
universal,8
slave,8
particularly,8
confess,8
conscious,8
jove,8
sleepy,8
happen,8
desert,8
dive,8
peep,8
deliberately,8
principle,8
damp,8
perpendicularly,8
bloody,8
currents,8
eagerly,8
discover,8
commodore,8
gathered,8
report,8
largely,8
shoal,8
ahoy,8
weapons,8
weapon,8
excited,8
interesting,8
moonlight,8
shrouds,8
stage,8
observing,8
extending,8
cuvier,8
queens,8
self,8
blew,8
consideration,8
pray,8
obey,8
africa,8
swims,8
lowly,8
described,8
crooked,8
path,8
created,8
hopeless,8
generations,8
fancied,8
appears,8
monkeyrope,8
gam,8
chart,8
merry,8
chowder,8
bosom,8
3,8
contents,8
produced,8
ebooks,7
distributing,7
seams,7
lbs,7
flip,7
enderby,7
pips,7
monsieur,7
breaths,7
vishnoo,7
vice,7
lampfeeder,7
organ,7
holder,7
seals,7
unctuous,7
dey,7
spiracle,7
straining,7
thickness,7
java,7
gentle,7
drooping,7
tons,7
figures,7
warning,7
murderer,7
claim,7
signal,7
happy,7
fiend,7
contain,7
dripping,7
buoyant,7
abandoned,7
headlong,7
curling,7
plates,7
attitude,7
cup,7
technically,7
threads,7
woof,7
weaving,7
apt,7
anchors,7
adequately,7
equatorial,7
fleet,7
charts,7
medium,7
milky,7
bare,7
ghosts,7
traditions,7
chasing,7
flanks,7
fatality,7
stretch,7
snap,7
woven,7
consequence,7
hated,7
edge,7
socket,7
innermost,7
separately,7
mechanical,7
wakes,7
lightly,7
trumpet,7
drawers,7
hearse,7
prior,7
colossal,7
derive,7
vigilance,7
existence,7
peculiarity,7
delicate,7
strictly,7
exceed,7
corresponding,7
structure,7
commonly,7
humor,7
obtained,7
lurking,7
flat,7
argument,7
macey,7
foundations,7
ultimate,7
veil,7
fright,7
devilish,7
pace,7
dreams,7
heel,7
steersman,7
noiseless,7
pivothole,7
bid,7
danger,7
majestic,7
abounding,7
spectacle,7
vicissitudes,7
intelligence,7
lingering,7
icy,7
supply,7
conspicuous,7
egyptian,7
facts,7
commanders,7
agony,7
blindly,7
coiling,7
ranging,7
eternally,7
today,7
hailing,7
necessary,7
expected,7
bunch,7
lookout,7
laughed,7
fifth,7
dried,7
rig,7
glistening,7
member,7
loudly,7
presents,7
permitted,7
incidentally,7
stepped,7
lest,7
doubloons,7
landsman,7
reply,7
yourselves,7
mend,7
lucky,7
unconsciously,7
cruel,7
religion,7
birth,7
retain,7
nail,7
ports,7
vineyard,7
heavily,7
steed,7
holds,7
hereditary,7
hempen,7
herself,7
material,7
energy,7
feeding,7
hurried,7
dull,7
larboard,7
wings,7
pile,7
powers,7
animated,7
utter,7
dragging,7
shivering,7
glances,7
nostrils,7
hills,7
immemorial,7
grace,7
post,7
alarmed,7
elastic,7
quality,7
comply,7
dividing,7
dollars,7
indifference,7
george,7
bidding,7
elements,7
heed,7
whirling,7
questions,7
shows,7
startled,7
sleeper,7
burden,7
false,7
sunk,7
prudent,7
tide,7
harmless,7
busy,7
slouched,7
tarshish,7
wilful,7
joined,7
record,7
plate,7
breakers,7
faithful,7
furthermore,7
ascending,7
verdure,7
stave,7
mistaken,7
infidel,7
widow,7
eighteen,7
tablets,7
porpoises,7
distinguished,7
coolly,7
traveller,7
flinging,7
andes,7
stock,7
treated,7
delicacy,7
supernatural,7
dressed,7
voices,7
sixteen,7
reality,7
explain,7
loving,7
increased,7
polished,7
pockets,7
inexplicable,7
extraordinary,7
cheeks,7
surgeon,7
accomplished,7
cords,7
identical,7
commenced,7
uncommonly,7
placing,7
stayed,7
zealand,7
stories,7
passion,7
stick,7
pretend,7
suit,7
shavings,7
plane,7
comrade,7
description,7
sober,7
swore,7
woollen,7
shaggy,7
funny,7
addressed,7
diligently,7
tar,7
angle,7
cracked,7
chimney,7
oath,7
study,7
oldfashioned,7
pit,7
privilege,7
representing,7
uses,7
candle,7
instinct,7
stopping,7
frost,7
everywhere,7
destined,7
hooded,7
coasts,7
bill,7
influences,7
dogs,7
earnestly,7
archangel,7
grin,7
honorable,7
key,7
surely,7
needed,7
charm,7
romantic,7
magnetic,7
fields,7
thence,7
coral,7
surprising,7
knocking,7
stepping,7
purse,7
song,7
colt,7
harpooned,7
fisherman,7
arctic,7
furious,7
possessed,7
whip,7
horns,7
millions,7
shores,7
requires,7
prevent,7
creation,7
appear,7
compare,7
wears,7
t,7
breast,7
sleeps,7
catching,7
visited,7
pliny,7
bottomless,7
therein,7
splintered,7
glasses,7
allusions,7
dan,7
musket,7
bachelor,7
tails,7
pitchpoling,7
squid,7
paint,7
counterpane,7
extracts,7
located,7
whatsoever,7
tax,6
distribution,6
permission,6
distribute,6
ding,6
compliance,6
corpusants,6
shame,6
posted,6
file,6
survive,6
curse,6
caw,6
hammers,6
plaintiffs,6
applicable,6
drugged,6
hovered,6
sunda,6
smiting,6
masonry,6
adrift,6
curled,6
diving,6
cuttingspade,6
margin,6
opportunity,6
burned,6
rigged,6
copper,6
beheaded,6
shreds,6
spades,6
diminished,6
dies,6
forged,6
churning,6
reflection,6
vibrating,6
distributed,6
murdered,6
numbers,6
engravings,6
highly,6
tender,6
collection,6
bury,6
slackened,6
blinding,6
crowding,6
prick,6
hatch,6
lash,6
silvery,6
eyed,6
excitement,6
involve,6
thigh,6
fond,6
limb,6
waif,6
stretching,6
betrayed,6
loggerhead,6
jerking,6
indolent,6
necessity,6
shuttle,6
swaying,6
hurled,6
reeled,6
amazing,6
directed,6
resuming,6
trades,6
extra,6
preceding,6
expand,6
month,6
longitude,6
courses,6
comparative,6
soundings,6
roar,6
pallor,6
potent,6
peculiarly,6
tiger,6
forked,6
considerations,6
darker,6
probable,6
smitten,6
violence,6
tahiti,6
ripe,6
drown,6
youre,6
dig,6
dance,6
carcase,6
hem,6
flow,6
insufferable,6
swerve,6
sidelong,6
shivered,6
subterranean,6
fiends,6
increasing,6
wrenched,6
raises,6
topmaul,6
fiercely,6
tides,6
flitting,6
uprising,6
vision,6
widely,6
powder,6
crowsnest,6
protected,6
hercules,6
sucking,6
rights,6
fits,6
shattered,6
produce,6
opposing,6
obtain,6
insanity,6
lurk,6
intelligent,6
dexterous,6
reckoning,6
swing,6
empire,6
superiority,6
intellectual,6
remove,6
correct,6
breathing,6
preserve,6
irregular,6
notwithstanding,6
sullen,6
isolated,6
girth,6
banks,6
anvil,6
finback,6
include,6
internal,6
promise,6
science,6
serve,6
covering,6
research,6
launched,6
hereabouts,6
toes,6
pyramid,6
bubble,6
royalty,6
speechless,6
band,6
absent,6
persian,6
slender,6
scorched,6
mould,6
emotions,6
heightened,6
alabama,6
military,6
americans,6
heedful,6
village,6
brace,6
wrought,6
nails,6
fun,6
encountering,6
destroy,6
personally,6
circumference,6
enraged,6
horrors,6
gush,6
prime,6
mary,6
declare,6
due,6
muskets,6
archipelagoes,6
expense,6
tapers,6
slippery,6
push,6
chapters,6
screaming,6
grasped,6
pin,6
whiskers,6
handspikes,6
alluded,6
stole,6
comfort,6
safety,6
charity,6
odds,6
extent,6
knives,6
providing,6
shrouded,6
ribbed,6
foremast,6
yard,6
custom,6
cooked,6
sagacious,6
useless,6
health,6
probability,6
pushing,6
mile,6
talking,6
abroad,6
landlady,6
knocked,6
subjects,6
choose,6
walked,6
significance,6
foes,6
squalls,6
leaky,6
advice,6
corrupt,6
seventyseventh,6
knowest,6
vainly,6
management,6
importance,6
aware,6
tone,6
beside,6
jot,6
greatly,6
audacious,6
accident,6
damned,6
fibres,6
curiously,6
retired,6
hulls,6
determined,6
couple,6
marching,6
resumed,6
affairs,6
lays,6
folds,6
emperors,6
blazing,6
unconscious,6
mightiest,6
blades,6
crawling,6
capable,6
panic,6
yelled,6
bowl,6
majesty,6
feast,6
fragrant,6
inland,6
assured,6
coronation,6
wrists,6
lands,6
paper,6
pagans,6
puff,6
producing,6
woman,6
serenity,6
presence,6
heeded,6
waving,6
lifetime,6
treacherous,6
heavenly,6
fled,6
nineveh,6
bowing,6
add,6
shown,6
awaiting,6
drops,6
hath,6
casting,6
overhead,6
frightened,6
asleep,6
hangs,6
axis,6
ceiling,6
allowed,6
contains,6
rings,6
confidence,6
shipping,6
seeks,6
prayers,6
cable,6
relief,6
plunging,6
shoes,6
wrath,6
likeness,6
azure,6
unnecessary,6
usually,6
eternity,6
doubts,6
secrets,6
cave,6
perished,6
accidents,6
sister,6
steadfastly,6
shrieks,6
reigned,6
sunlight,6
refuse,6
recklessly,6
feat,6
bony,6
condition,6
affrighted,6
jeopardy,6
boarded,6
cheek,6
brawny,6
blacksmiths,6
amazement,6
completed,6
staring,6
twain,6
consciousness,6
fears,6
conscientious,6
resurrection,6
crawl,6
shade,6
waking,6
harm,6
symptoms,6
accompanied,6
handful,6
screwed,6
embalmed,6
rascal,6
purple,6
bolted,6
ideas,6
complexion,6
remembered,6
perfectly,6
tumbled,6
blowing,6
outlandish,6
glanced,6
dreaming,6
string,6
churches,6
lot,6
safe,6
demand,6
hears,6
sunday,6
tonight,6
awhile,6
spending,6
wrist,6
sorry,6
finest,6
apartment,6
entrance,6
wheres,6
deeply,6
newly,6
dumplings,6
winding,6
decent,6
parallel,6
destruction,6
furiously,6
spears,6
heathenish,6
exasperated,6
resemblance,6
conclusion,6
shades,6
czar,6
sumatra,6
pillow,6
universe,6
peter,6
angel,6
blocks,6
remorseless,6
rays,6
swordfish,6
steps,6
dreary,6
canoes,6
related,6
learning,6
duly,6
quitting,6
welcome,6
performing,6
recall,6
constant,6
breathes,6
paying,6
physical,6
everybody,6
amount,6
river,6
salted,6
passenger,6
invest,6
prairies,6
cattle,6
valley,6
deepest,6
unite,6
boundless,6
male,6
laying,6
adventures,6
application,6
onset,6
astonishment,6
york,6
owen,6
introduced,6
tales,6
arch,6
built,6
peoples,6
shoals,6
sized,6
spires,6
barbed,6
approach,6
avoid,6
comparison,6
lock,6
attended,6
swiftness,6
peaceful,6
patient,6
dreadful,6
value,6
proceeded,6
gulf,6
dragon,6
tears,6
solely,6
version,6
rachel,6
clearing,6
buckets,6
funeral,6
christmas,6
lazarus,6
language,6
recently,6
anyone,6
mobydick,6
limited,5
volunteers,5
replacement,5
1f3,5
1e1,5
sneezes,5
basket,5
skeletons,5
tranque,5
severe,5
horseshoe,5
writing,5
mincer,5
impatient,5
odor,5
defendants,5
barb,5
holland,5
frenchman,5
entangled,5
breach,5
spoutings,5
towline,5
strict,5
neared,5
yarman,5
jungfrau,5
staff,5
cavity,5
foreheads,5
seal,5
rescue,5
shower,5
reader,5
valleys,5
parsees,5
coil,5
oakum,5
contained,5
situation,5
reckless,5
plague,5
unconditional,5
descended,5
maintopsail,5
jeroboam,5
cheering,5
attentively,5
afar,5
flashes,5
amber,5
skulls,5
calves,5
mouldy,5
infants,5
fellowcritters,5
whalesteak,5
helping,5
lanterns,5
toiled,5
unusually,5
uttermost,5
backwards,5
forwards,5
paddles,5
vapory,5
chocks,5
bishop,5
miracle,5
separated,5
profile,5
excepting,5
fullgrown,5
hindoo,5
talked,5
source,5
sunken,5
topmost,5
sullenly,5
surrender,5
snatched,5
lifes,5
afforded,5
require,5
manilla,5
pedro,5
narrated,5
detail,5
dr,5
cruisingground,5
midway,5
solomon,5
lion,5
advantage,5
suffering,5
eastward,5
vengeful,5
accordance,5
watched,5
struggling,5
successive,5
lit,5
straightened,5
loomed,5
bade,5
spouted,5
toss,5
palm,5
rooted,5
chip,5
bite,5
chinese,5
lazily,5
backed,5
playing,5
mens,5
walks,5
creating,5
hieroglyphics,5
incident,5
serpents,5
intolerably,5
clenched,5
consumed,5
zodiac,5
embraces,5
undeviating,5
horizontally,5
circular,5
pencil,5
cabaco,5
travellers,5
phenomenon,5
omitted,5
aspects,5
countless,5
flashing,5
flaming,5
leathern,5
goney,5
assuming,5
celestial,5
mildness,5
witness,5
furthest,5
priests,5
counted,5
delirium,5
impelled,5
dismay,5
creamy,5
unwonted,5
imagination,5
believed,5
pursuers,5
oftentimes,5
recalled,5
spaces,5
pursuing,5
doubted,5
topsails,5
springing,5
clay,5
shifted,5
reclining,5
oaths,5
butts,5
braces,5
frigates,5
gun,5
track,5
deed,5
parties,5
emotion,5
volition,5
wert,5
leader,5
pewter,5
turkish,5
heaps,5
smote,5
tash,5
standpoint,5
dents,5
geological,5
midday,5
blending,5
vacant,5
sufficient,5
guard,5
nest,5
shoot,5
leather,5
admirable,5
invests,5
facing,5
rain,5
credulous,5
trembling,5
ox,5
tolerable,5
inverted,5
lounging,5
conversation,5
forbade,5
inference,5
sits,5
cap,5
pitching,5
turks,5
strikes,5
observation,5
potency,5
irresistible,5
instantaneous,5
familiarly,5
cash,5
colours,5
discernible,5
omen,5
dotted,5
breaks,5
showing,5
adieu,5
varieties,5
designated,5
nowadays,5
germans,5
comprehend,5
vertical,5
result,5
definition,5
quarters,5
anatomical,5
professional,5
authorities,5
kicking,5
locks,5
strongest,5
tube,5
wouldst,5
linked,5
haughty,5
posture,5
dismasted,5
tranquilly,5
preternatural,5
allusion,5
hairs,5
ascribed,5
moods,5
ascended,5
retreat,5
accompanying,5
islanders,5
rocky,5
navies,5
earlier,5
superstitions,5
beasts,5
antarctic,5
headsmen,5
numberless,5
anew,5
readiness,5
swart,5
experiences,5
useful,5
reliable,5
tend,5
portents,5
qualities,5
fortitude,5
inner,5
tight,5
transported,5
train,5
rule,5
process,5
possibility,5
towns,5
antiquity,5
veins,5
associations,5
hospitable,5
commerce,5
rounded,5
heroes,5
france,5
louis,5
admirals,5
profession,5
procedure,5
glimpses,5
shudder,5
pound,5
tierce,5
cooper,5
cedar,5
yell,5
tear,5
howled,5
drinking,5
chorus,5
sons,5
commanding,5
weigh,5
revolved,5
filling,5
absence,5
profoundest,5
wasnt,5
twilight,5
article,5
list,5
arrival,5
success,5
exposed,5
frequented,5
harbors,5
pronounced,5
riveted,5
chaps,5
havnt,5
signed,5
complicated,5
faded,5
massive,5
wasted,5
twine,5
lingered,5
gracious,5
knee,5
lords,5
deacon,5
announcing,5
impression,5
stirred,5
meals,5
bolt,5
continue,5
inquiring,5
owned,5
rust,5
generous,5
cloud,5
splice,5
pen,5
chin,5
beard,5
clutch,5
exhausted,5
fighting,5
alien,5
modified,5
transom,5
expressed,5
humorously,5
humorous,5
marchant,5
supposing,5
carving,5
oaken,5
waved,5
slabs,5
tent,5
reverend,5
fasten,5
continuous,5
emperor,5
chiefmate,5
pertaining,5
decided,5
benevolent,5
smoked,5
prospect,5
gallows,5
crosstrees,5
noahs,5
pirate,5
navy,5
eagle,5
mutual,5
saved,5
splinters,5
handled,5
boom,5
gaunt,5
snuffed,5
effort,5
safely,5
copying,5
stately,5
obliged,5
wheeling,5
schooner,5
moss,5
mysteries,5
dip,5
maternal,5
specimen,5
familiar,5
policy,5
bend,5
congenial,5
aright,5
identity,5
exists,5
cosy,5
worshipping,5
invited,5
puffs,5
philosophers,5
advances,5
ridiculous,5
tokens,5
hide,5
humming,5
robes,5
support,5
salvation,5
pour,5
mission,5
copied,5
pardon,5
whereupon,5
mob,5
shouting,5
upward,5
rearing,5
steep,5
speedy,5
leaps,5
sprung,5
timbers,5
raging,5
successful,5
permanent,5
doors,5
enters,5
suspicions,5
apprehension,5
coins,5
murderers,5
gamesome,5
innocent,5
smile,5
items,5
fugitive,5
disordered,5
scorn,5
countries,5
flee,5
consists,5
obeying,5
deliverance,5
pause,5
swelled,5
bell,5
tones,5
ended,5
kneeling,5
trace,5
scud,5
gallant,5
feature,5
replenished,5
joints,5
maintop,5
grasping,5
fashioned,5
maintain,5
adam,5
antique,5
trance,5
companies,5
incredulous,5
surprised,5
erected,5
wives,5
stubborn,5
sunny,5
breathe,5
omnipotent,5
wedding,5
nowhere,5
downright,5
forests,5
sallied,5
imminent,5
kindred,5
maintained,5
parlor,5
zone,5
tropic,5
lighter,5
scraping,5
accustomed,5
regarding,5
guilty,5
style,5
incessant,5
goodness,5
pickle,5
comical,5
calculating,5
befell,5
blended,5
charitable,5
satisfied,5
whoever,5
tobacco,5
proceedings,5
polite,5
removing,5
baby,5
slipping,5
ghastly,5
tattooing,5
adventure,5
knotted,5
doze,5
sleeves,5
hooks,5
furniture,5
stooped,5
cleared,5
induce,5
snug,5
wait,5
vile,5
companions,5
revelry,5
announced,5
poured,5
reported,5
afore,5
sheet,5
stooping,5
depend,5
goin,5
rude,5
rocked,5
beams,5
dusky,5
resembling,5
thickly,5
aged,5
based,5
theory,5
unimaginable,5
arrive,5
inquiry,5
viewed,5
awhaling,5
orphans,5
iceberg,5
coals,5
climes,5
chips,5
finished,5
wight,5
euroclydon,5
tempestuous,5
burnt,5
painting,5
docks,5
proceeding,5
deserted,5
patched,5
plight,5
packed,5
windows,5
wisdom,5
wherever,5
risk,5
embark,5
saturday,5
swayed,5
sway,5
portentous,5
choice,5
fates,5
atmosphere,5
thump,5
scales,5
assure,5
transition,5
schoolmaster,5
van,5
enjoy,5
passengers,5
grasp,5
vibration,5
healthy,5
deliberate,5
travel,5
professor,5
pool,5
limit,5
week,5
crowds,5
wharves,5
feelings,5
pistol,5
branches,5
extended,5
emerged,5
ex,5
india,5
preserved,5
breaches,5
wheel,5
frederick,5
beales,5
competent,5
expanded,5
shakes,5
withdrawn,5
gleamed,5
coopers,5
hooked,5
region,5
degrees,5
baron,5
gallons,5
hang,5
europe,5
address,5
venture,5
write,5
hist,5
animals,5
stuffed,5
note,5
garden,5
gate,5
asia,5
spitzbergen,5
promontory,5
paradise,5
progress,5
silly,5
artificial,5
ruin,5
v,5
browne,5
saith,5
bred,5
inward,5
extracted,5
raising,5
fishes,5
statements,5
profane,5
random,5
latin,5
dictionary,5
maketh,5
teach,5
handkerchief,5
text,5
fossil,5
castaway,5
rosebud,5
cistern,5
jeroboams,5
townhos,5
knights,5
sermon,5
4,5
spouterinn,5
1,5
title,5
check,5
wwwgutenbergorg,5
damages,4
website,4
requirements,4
fees,4
status,4
format,4
displaying,4
1e8,4
editions,4
cowards,4
hearses,4
lucifers,4
perths,4
oblivious,4
burtons,4
riddle,4
vicebench,4
defiance,4
tertiary,4
arsacidean,4
tranquo,4
hells,4
gorgeous,4
replaced,4
swears,4
squeezing,4
velvet,4
uppermost,4
bye,4
erskine,4
ottoman,4
serenely,4
cub,4
pods,4
embracing,4
remorselessly,4
unmolested,4
unctuousness,4
shallow,4
sagharbor,4
reptile,4
akin,4
flukechains,4
helplessly,4
moisture,4
humped,4
pod,4
reversed,4
pleated,4
heedless,4
harder,4
wilderness,4
leaks,4
tendinous,4
abide,4
unobstructed,4
carpet,4
liability,4
contemporary,4
governor,4
fountains,4
altering,4
quivering,4
jamming,4
boatknife,4
womans,4
tumbling,4
riotous,4
apprised,4
faster,4
blubberroom,4
peeled,4
constantly,4
cluster,4
stages,4
scraps,4
reminds,4
balls,4
ninety,4
tough,4
swarming,4
chain,4
sidefins,4
whereof,4
freighted,4
budge,4
enterprise,4
expect,4
invariable,4
contracting,4
spasmodically,4
waning,4
ceaseless,4
graceful,4
buoyancy,4
intricacies,4
quill,4
disengaged,4
suspend,4
armies,4
defined,4
becalmed,4
engraving,4
garnery,4
paintings,4
drawings,4
benefit,4
edition,4
italian,4
universally,4
portrait,4
yoked,4
laborious,4
assist,4
compact,4
counsel,4
insure,4
trypots,4
allies,4
refused,4
barricade,4
depicted,4
crowded,4
panting,4
gasping,4
pump,4
heap,4
bubbling,4
rippling,4
tempered,4
handling,4
maintaining,4
wheeled,4
exclamations,4
villains,4
ducking,4
englishman,4
files,4
contribute,4
helpless,4
issue,4
stays,4
instinctively,4
pleasure,4
supposition,4
semicircular,4
burial,4
supplementary,4
disaster,4
handed,4
contrived,4
collapsed,4
hissing,4
stirring,4
overheard,4
fever,4
sharper,4
organs,4
necks,4
incessantly,4
stamped,4
pierced,4
concentrated,4
partially,4
furnishing,4
fling,4
intensely,4
outstretched,4
tendency,4
displayed,4
mississippi,4
confident,4
pounds,4
addressing,4
tigeryellow,4
plaited,4
clung,4
cliffs,4
alternating,4
shapes,4
idly,4
yarns,4
atmospheric,4
protection,4
protect,4
wrest,4
disposed,4
legal,4
manifested,4
tools,4
subsequently,4
propontis,4
seamonster,4
acts,4
earthquake,4
shaken,4
prepare,4
purchased,4
examine,4
gravity,4
russian,4
langsdorff,4
peremptorily,4
speaks,4
severest,4
significantly,4
guinea,4
printed,4
systematically,4
havoc,4
assumed,4
killing,4
regions,4
prometheus,4
glared,4
escaping,4
lightnings,4
hopes,4
remark,4
statement,4
archy,4
heartless,4
exist,4
desolate,4
churchyard,4
trick,4
starts,4
examples,4
respectively,4
saddest,4
anchored,4
palpable,4
glories,4
whisper,4
conceivable,4
stagger,4
imparts,4
redness,4
fidelity,4
curses,4
greyheaded,4
sire,4
royalties,4
captive,4
essence,4
towers,4
nobler,4
profundities,4
flows,4
subsided,4
tranquil,4
stunsails,4
monomania,4
mortar,4
practically,4
stirs,4
torments,4
venetian,4
apparent,4
unharmed,4
groves,4
wrecks,4
referred,4
inevitably,4
timidity,4
widest,4
mischief,4
stronger,4
prospects,4
whirled,4
alow,4
heartily,4
spaniards,4
guns,4
streams,4
grapes,4
cease,4
manx,4
sulky,4
jig,4
bellboy,4
crying,4
predestinated,4
howl,4
glassy,4
unsounded,4
whereon,4
revolve,4
forthwith,4
swallows,4
bloodshot,4
spotted,4
reasoning,4
maelstrom,4
hearties,4
whosoever,4
wheels,4
lustre,4
skirts,4
shout,4
inserting,4
uniform,4
fixedly,4
sprinkled,4
pervading,4
loses,4
visual,4
luckless,4
offers,4
errors,4
resistance,4
successfully,4
nautical,4
envelope,4
thickest,4
watchcoat,4
bulls,4
tropics,4
seacoast,4
item,4
madly,4
column,4
nation,4
standers,4
ostentatiously,4
ugly,4
fed,4
crosswise,4
periodical,4
bankrupt,4
relish,4
pallid,4
tasted,4
dined,4
music,4
tidings,4
denied,4
moves,4
ringed,4
idiot,4
inert,4
assume,4
usages,4
detailed,4
relaxed,4
merchantmen,4
nominally,4
class,4
arising,4
patience,4
posterity,4
cannon,4
junk,4
begun,4
plump,4
caps,4
milkwhite,4
thames,4
deer,4
wax,4
dimensions,4
varying,4
quarto,4
oldest,4
distinguish,4
pack,4
practicable,4
available,4
correctly,4
founded,4
denominated,4
surrounding,4
portly,4
notion,4
ounce,4
literally,4
accidentally,4
vaguely,4
iv,4
divide,4
deny,4
cogent,4
walrus,4
follows,4
laborers,4
outline,4
fabulous,4
linnæus,4
method,4
classification,4
hissed,4
vapors,4
fullest,4
ignorantly,4
soliloquized,4
planting,4
principles,4
cracks,4
wad,4
din,4
quietude,4
twentyfour,4
agencies,4
ringing,4
elapsed,4
oak,4
loftiest,4
gestures,4
overbearing,4
affect,4
scar,4
branded,4
unalterable,4
gloomy,4
biting,4
apprehensiveness,4
supreme,4
bar,4
augment,4
herein,4
corporeal,4
ringbolts,4
tawny,4
rounding,4
sable,4
generic,4
neighboring,4
likened,4
lighting,4
impious,4
cheerily,4
collected,4
toiling,4
mounts,4
perchance,4
tragic,4
expose,4
reveal,4
deeps,4
occasions,4
latent,4
superstition,4
reverence,4
tame,4
steadfast,4
ale,4
adapted,4
regal,4
ascribe,4
grant,4
imposing,4
glowing,4
threshold,4
credit,4
enlightened,4
peru,4
dared,4
willingly,4
momentous,4
operated,4
assert,4
personal,4
veteran,4
soldiers,4
granting,4
alleged,4
butchers,4
miscellaneous,4
grimly,4
craven,4
intrepid,4
bitterest,4
hearthstone,4
memories,4
locker,4
eastern,4
depart,4
loath,4
juncture,4
store,4
haven,4
tusks,4
backbone,4
farewell,4
pilots,4
appearances,4
attracted,4
soothed,4
marking,4
stationary,4
absolute,4
fuel,4
comprising,4
depends,4
doctors,4
hurrying,4
betokened,4
imagine,4
chancing,4
prophecy,4
losing,4
altar,4
whalehunter,4
somebody,4
flowed,4
retreated,4
hauling,4
belief,4
hasnt,4
converted,4
sticking,4
profit,4
hopelessly,4
dyspepsia,4
nurtured,4
argued,4
nonsense,4
cheerful,4
blown,4
listening,4
hams,4
spoiled,4
clapping,4
pry,4
vinegarcruet,4
stated,4
impatience,4
sorrow,4
girl,4
swearing,4
gayhead,4
twas,4
agitated,4
reward,4
fireside,4
275th,4
respective,4
profits,4
willing,4
mumbling,4
studying,4
spectacles,4
nap,4
career,4
natures,4
globular,4
unworthy,4
blend,4
singularly,4
inhabitants,4
timber,4
crows,4
request,4
rid,4
ferocity,4
exclamation,4
chewed,4
clap,4
clapped,4
distrustful,4
innocence,4
muscles,4
triangular,4
principal,4
stiffly,4
peered,4
sauntering,4
fasting,4
fortunes,4
succeed,4
variety,4
herring,4
happening,4
fishy,4
flavor,4
announcement,4
bethinking,4
explained,4
steam,4
kitchen,4
relics,4
scolding,4
brisk,4
peaceable,4
insisted,4
hosea,4
snugly,4
nightfall,4
road,4
thirds,4
assaults,4
dreaded,4
clothed,4
belt,4
adhering,4
rome,4
brine,4
humane,4
lifeless,4
glorious,4
revealing,4
jerk,4
disdain,4
twisting,4
capting,4
miraculous,4
marvelled,4
bracing,4
fires,4
banquet,4
guests,4
punchbowl,4
shifting,4
mowers,4
cock,4
embraced,4
acquainted,4
share,4
promising,4
propose,4
infinitely,4
happily,4
prince,4
threatened,4
quitted,4
sag,4
untutored,4
unconquerable,4
christendom,4
household,4
crystal,4
noses,4
daybreak,4
consequently,4
magnanimous,4
infallible,4
groping,4
rules,4
distrusted,4
genial,4
maddened,4
philosopher,4
philosophy,4
jupiter,4
washington,4
multitude,4
pages,4
interrupted,4
hearth,4
commodores,4
preach,4
sucked,4
eddying,4
gladly,4
model,4
bolts,4
oily,4
attitudes,4
aghast,4
billow,4
meanest,4
boxes,4
recorded,4
cables,4
drags,4
reeling,4
burns,4
refuge,4
contracted,4
laughs,4
test,4
darts,4
desk,4
suspected,4
intuitions,4
sees,4
desist,4
suspicion,4
spain,4
cadiz,4
endeavors,4
oftener,4
sinners,4
awakened,4
fishs,4
ensued,4
dolphin,4
devout,4
prayer,4
gangway,4
shed,4
impregnable,4
area,4
absorbed,4
maritime,4
gleams,4
cheers,4
eve,4
feeds,4
meanings,4
insurance,4
proverb,4
census,4
beloved,4
unrecorded,4
wondering,4
desolation,4
widows,4
fought,4
errand,4
musk,4
roses,4
flowers,4
daughters,4
perform,4
throat,4
straps,4
reputation,4
snatch,4
axe,4
corners,4
actual,4
astonished,4
stroll,4
ceremony,4
warrior,4
reflections,4
attaining,4
stomach,4
allow,4
accosted,4
achieved,4
mirror,4
striding,4
razor,4
begged,4
dented,4
strangest,4
crush,4
dress,4
rubbing,4
wriggling,4
attempts,4
stir,4
rattling,4
pressure,4
affectionate,4
politely,4
puffing,4
comprehended,4
badly,4
scorching,4
sets,4
ebony,4
convinced,4
beaver,4
difficulty,4
tropical,4
bedfellow,4
wearing,4
parcel,4
lieu,4
seamans,4
fireboard,4
shelf,4
offering,4
slept,4
fetching,4
liable,4
render,4
yarn,4
spinning,4
boarders,4
sufferable,4
march,4
draught,4
knot,4
vigorously,4
rough,4
tumble,4
linen,4
presume,4
pondered,4
favourite,4
refrained,4
spoil,4
sovereign,4
gin,4
ragged,4
enveloped,4
offing,4
barroom,4
suspicious,4
tea,4
scalding,4
cups,4
jackets,4
summoned,4
headway,4
sharing,4
divers,4
goblets,4
meridians,4
poison,4
trod,4
tufted,4
array,4
design,4
primal,4
indefinite,4
distracted,4
limber,4
confounded,4
understanding,4
visits,4
series,4
condemned,4
scrape,4
palace,4
frosty,4
possess,4
backing,4
careless,4
tomb,4
melted,4
halting,4
laden,4
adventurous,4
aboriginal,4
december,4
conceits,4
friendly,4
patagonian,4
attending,4
induced,4
motives,4
interlude,4
gets,4
penny,4
satisfaction,4
punch,4
enable,4
egyptians,4
respectfully,4
distinction,4
inferred,4
handfuls,4
scores,4
meadow,4
desires,4
wedded,4
meditation,4
experiment,4
absentminded,4
lakes,4
reveries,4
sabbath,4
dreamy,4
breezes,4
washed,4
surf,4
insular,4
hats,4
killer,4
distended,4
naturalist,4
trucks,4
root,4
voyager,4
curved,4
failed,4
homeward,4
portion,4
missionary,4
assault,4
mutiny,4
horrid,4
j,4
ay,4
cachalot,4
commercial,4
habits,4
cracking,4
attacked,4
gothic,4
pasture,4
triumph,4
chace,4
branch,4
tenth,4
whalefishery,4
endeavor,4
johnson,4
contemptible,4
trust,4
northward,4
abundance,4
agreed,4
informed,4
climb,4
fable,4
sporting,4
edges,4
thomas,4
gills,4
hugest,4
william,4
flies,4
beast,4
chaos,4
slay,4
piercing,4
convivial,4
authors,4
veritable,4
picking,4
danish,4
hebrew,4
reminded,4
preserving,4
notes,4
perish,4
measurement,4
arsacides,4
bower,4
90,4
batteringram,4
headcontrasted,4
hyena,4
surmises,4
specksnyder,4
30,4
squires,4
advocate,4
astir,4
wheelbarrow,4
carpetbag,4
date,4
online,4
cost,4
limitation,3
warranties,3
disclaimer,3
equipment,3
defective,3
efforts,3
defect,3
email,3
payments,3
donate,3
user,3
1e9,3
1e7,3
paragraphs,3
entity,3
derivative,3
complying,3
cherries,3
fading,3
methodic,3
blowsthere,3
shears,3
hawk,3
epaulets,3
linetubs,3
cobbling,3
daft,3
dong,3
tahitian,3
warped,3
loadstone,3
trailing,3
lightningrod,3
malady,3
inboard,3
hokypoky,3
joky,3
jesty,3
gamy,3
sporty,3
fluttering,3
disabled,3
hooped,3
sunwards,3
sayst,3
tops,3
shank,3
smoothe,3
sweetness,3
tongues,3
antilles,3
rover,3
nearing,3
bashee,3
callest,3
shop,3
stolidity,3
impersonal,3
forging,3
revelation,3
wrench,3
degenerated,3
preadamite,3
formations,3
fossils,3
theme,3
seventytwo,3
clifford,3
hummed,3
sap,3
glen,3
seaside,3
pupella,3
flooded,3
snodhead,3
reefed,3
pulse,3
rum,3
onearmed,3
spin,3
mishap,3
mallet,3
jenny,3
crow,3
leo,3
joes,3
nows,3
vale,3
solve,3
jawbone,3
supplies,3
circling,3
soapstone,3
pelt,3
scraped,3
portable,3
behooves,3
eternities,3
ruthless,3
jeopardized,3
hug,3
rap,3
stolen,3
glow,3
diamond,3
brilliancy,3
calendar,3
sequel,3
slack,3
dent,3
fruit,3
bottle,3
victim,3
projected,3
aromatic,3
busily,3
warden,3
cinque,3
intermediate,3
apple,3
commentaries,3
lawyers,3
males,3
mustering,3
vaults,3
vanished,3
drugg,3
swamp,3
gallied,3
rallied,3
grain,3
audacity,3
shaded,3
studded,3
rampart,3
childs,3
progression,3
cripple,3
treatise,3
periods,3
discharged,3
exhaled,3
returns,3
reservoir,3
emergencies,3
fleetness,3
horseman,3
finbacks,3
hatchet,3
bodys,3
corroded,3
untouched,3
prophets,3
pitiable,3
foaming,3
capsizing,3
whiteash,3
slides,3
dericks,3
parchment,3
spans,3
oilcan,3
joist,3
deem,3
truest,3
crater,3
genius,3
firmament,3
sculptured,3
proportions,3
remainder,3
spire,3
physiognomically,3
delicious,3
taught,3
ironbound,3
devices,3
infiltrated,3
quoin,3
baling,3
elasticity,3
provision,3
cork,3
boneless,3
sloping,3
savor,3
calculate,3
peruvian,3
pout,3
sulk,3
soundingboard,3
nursery,3
joists,3
spikes,3
membrane,3
perplexity,3
idle,3
involuntary,3
effectually,3
fronts,3
stealing,3
proportion,3
mathematical,3
noteworthy,3
lard,3
abated,3
medicine,3
gasp,3
keenly,3
jerked,3
twin,3
siamese,3
delivery,3
recovered,3
annihilated,3
frequent,3
drifted,3
individuals,3
epidemic,3
signals,3
longing,3
lovers,3
sawst,3
rot,3
mosses,3
buoyed,3
skilfully,3
gash,3
evercontracting,3
subterraneous,3
untoward,3
joyous,3
peters,3
dome,3
unsupplied,3
enabled,3
stript,3
hostile,3
chiselled,3
impressed,3
ton,3
newborn,3
magnifying,3
isinglass,3
enveloping,3
dodge,3
orange,3
triumphant,3
weighing,3
flexible,3
suspending,3
fejee,3
oxen,3
trial,3
prize,3
crisp,3
fritters,3
grizzled,3
ticklish,3
parson,3
squaring,3
eber,3
berry,3
mout,3
slappin,3
natur,3
convert,3
gor,3
massa,3
ob,3
handy,3
screw,3
symmetrical,3
sideboard,3
expenses,3
majority,3
horribly,3
flurry,3
crimson,3
mouthful,3
smacking,3
elevating,3
luff,3
glossy,3
vices,3
resolution,3
flyingfish,3
composing,3
fastening,3
terminating,3
diameter,3
consume,3
concentric,3
layers,3
alternately,3
ordinarily,3
zones,3
sensation,3
hapless,3
furlongs,3
boughs,3
arose,3
mainmasthead,3
unattended,3
verdant,3
frigate,3
tens,3
befallen,3
bulky,3
undulated,3
starry,3
accuracy,3
ie,3
ingenious,3
cuttingin,3
inshore,3
deserves,3
chopping,3
gallery,3
soot,3
risen,3
deficiency,3
desirable,3
characteristics,3
contour,3
lineofbattle,3
manifold,3
floundering,3
dromedary,3
genuine,3
scale,3
represented,3
dolphins,3
cuts,3
prints,3
whit,3
andromeda,3
antediluvian,3
sculpture,3
purporting,3
georges,3
brings,3
evangelists,3
cocoanut,3
roots,3
whirlpool,3
tap,3
verily,3
perceiving,3
mainchains,3
leisure,3
vacancy,3
durst,3
pinioned,3
bandaged,3
tremulous,3
traitors,3
timely,3
smelling,3
implements,3
crescentic,3
retribution,3
diet,3
brass,3
decently,3
mincing,3
fault,3
ringleader,3
steelkilts,3
manhandle,3
danced,3
chicha,3
senor,3
infatuated,3
spasmodic,3
exhaustion,3
forbearance,3
malignant,3
shovel,3
tension,3
hed,3
doomed,3
slaves,3
firmness,3
villages,3
noblest,3
erie,3
homewardbound,3
settling,3
wedged,3
effeminacy,3
lexicon,3
noah,3
collectively,3
meetings,3
interchange,3
salutation,3
estimated,3
consort,3
whelmed,3
diminish,3
conveyed,3
voyagings,3
foremasthead,3
crozetts,3
southeastward,3
telltale,3
demanding,3
bowlines,3
prevailed,3
feathers,3
directing,3
allured,3
drifting,3
showers,3
disappearing,3
overtake,3
sped,3
stunsail,3
royals,3
winged,3
ghostly,3
asiatic,3
temperate,3
subordinate,3
stabbing,3
cleat,3
measures,3
invaluable,3
frock,3
imputed,3
consequent,3
twist,3
desperado,3
goodnatured,3
drenched,3
furnace,3
separating,3
churned,3
charmed,3
hollows,3
pronouncing,3
skewer,3
ram,3
tantalizing,3
livers,3
crazed,3
lowest,3
vibrated,3
feather,3
stamp,3
balancing,3
steamer,3
agency,3
girdle,3
bands,3
poised,3
appointed,3
tribes,3
drove,3
preluding,3
subdued,3
sultry,3
evince,3
verbally,3
consist,3
perfect,3
breeds,3
inhale,3
capricious,3
impetuously,3
unrelieved,3
prudential,3
magnet,3
ascendency,3
incapable,3
collateral,3
clearly,3
route,3
resort,3
connecting,3
transferred,3
stating,3
granted,3
forbear,3
lionel,3
damage,3
dining,3
sloopofwar,3
tragedy,3
pollard,3
testimony,3
facetious,3
enormousness,3
catastrophe,3
notorious,3
cetacean,3
palmy,3
famed,3
summary,3
secondly,3
travels,3
poisonous,3
endangered,3
penetrated,3
effected,3
vulture,3
sheer,3
yielding,3
yawned,3
throbbing,3
pondering,3
weariness,3
constantinople,3
recognition,3
impatiently,3
sixtyfive,3
ensuing,3
intervening,3
comprehensiveness,3
cautious,3
periodically,3
consecutive,3
certainty,3
unquestionable,3
scheme,3
width,3
precision,3
guided,3
columns,3
districts,3
flights,3
correspond,3
solitude,3
refer,3
soaked,3
unceasingly,3
wraps,3
absolutely,3
deified,3
inherent,3
subtile,3
gilded,3
concrete,3
paw,3
robe,3
solace,3
shipwrecked,3
views,3
elucidated,3
muteness,3
exhibited,3
admits,3
canted,3
purely,3
virginias,3
shared,3
clue,3
evangelist,3
expressive,3
crowning,3
albino,3
ohio,3
plains,3
streamed,3
hosts,3
star,3
invoking,3
tying,3
merit,3
rhyme,3
plumage,3
abraham,3
hideousness,3
urged,3
kindly,3
romish,3
purest,3
holiest,3
justice,3
pledge,3
romans,3
gladness,3
applies,3
charger,3
deadliest,3
demon,3
responded,3
jobs,3
righteous,3
wildness,3
qualified,3
shun,3
motive,3
namely,3
prouder,3
halls,3
instrument,3
gorge,3
highland,3
unabated,3
lunacy,3
intensified,3
agonizing,3
personified,3
sinews,3
abhorred,3
deliriously,3
statue,3
turk,3
inflicted,3
disasters,3
divulged,3
accompaniments,3
details,3
distantly,3
practised,3
effaced,3
cuviers,3
legendary,3
prows,3
ignoble,3
decline,3
longitudes,3
surpasses,3
abound,3
encounters,3
devouring,3
sprained,3
presumption,3
malignity,3
indirect,3
uncivilized,3
haunted,3
duck,3
scatter,3
jollies,3
topgallant,3
plunge,3
blacks,3
keeled,3
pines,3
baltic,3
portuguese,3
hip,3
evermore,3
theyll,3
gather,3
sweat,3
humph,3
sicilian,3
amsterdam,3
bells,3
strand,3
mogul,3
shoots,3
tows,3
sanity,3
unerringly,3
cotton,3
deaf,3
demoniac,3
neer,3
darkly,3
diver,3
hiss,3
sustained,3
leyden,3
accumulated,3
refill,3
handing,3
bison,3
group,3
brimming,3
necessities,3
downcast,3
rebellion,3
clutched,3
insulted,3
outrageous,3
unreasoning,3
sob,3
annual,3
screwing,3
gayheader,3
tarpaulins,3
vehemently,3
whispering,3
unmindful,3
elusive,3
unfrequently,3
furnishes,3
pint,3
fisheries,3
vigilant,3
frankly,3
perches,3
treats,3
rifle,3
telescope,3
sleets,3
tents,3
unprovided,3
glued,3
breed,3
stowed,3
trade,3
descrying,3
historian,3
obscured,3
formation,3
purposes,3
truck,3
researches,3
expatiate,3
relinquish,3
inwards,3
barbarians,3
giants,3
superb,3
diffused,3
african,3
nurse,3
progeny,3
nimble,3
hall,3
ample,3
capacity,3
vanity,3
ate,3
admitted,3
mouthfuls,3
appetite,3
jammed,3
choking,3
profoundly,3
grazed,3
fork,3
neutral,3
cubs,3
mute,3
dominion,3
mundane,3
belshazzar,3
emir,3
disappears,3
mizen,3
plucked,3
housings,3
supremacy,3
incarnate,3
british,3
restricted,3
crane,3
obsolete,3
quoted,3
etc,3
comprises,3
gentlemanlike,3
neat,3
vivacious,3
hilarious,3
conveys,3
bigness,3
spots,3
oblong,3
windsor,3
bended,3
thrusts,3
sheeted,3
answers,3
peaked,3
unsavory,3
averages,3
socalled,3
bookbinders,3
embrace,3
prodigies,3
tiles,3
castle,3
similitude,3
distinctions,3
basis,3
defy,3
gifted,3
gregarious,3
angular,3
vertically,3
intricate,3
indiscriminately,3
yields,3
appellation,3
opine,3
individuality,3
sulphur,3
humpbacked,3
grampus,3
hay,3
charley,3
declares,3
grope,3
surgeons,3
rival,3
usurpation,3
retreats,3
priority,3
lacépède,3
ray,3
anatomy,3
indications,3
impenetrable,3
unfathomable,3
confusion,3
cetacea,3
thorough,3
barnacled,3
weedy,3
muttering,3
itthe,3
contradictory,3
cane,3
dreamed,3
juggling,3
maybe,3
babies,3
brick,3
flashed,3
begone,3
mule,3
passionate,3
scornful,3
forgot,3
insertion,3
crippled,3
emerge,3
cabinscuttle,3
slumbering,3
slumbers,3
mutter,3
unwaning,3
helmeted,3
nursing,3
jewelled,3
quito,3
playful,3
april,3
peaks,3
stool,3
determinate,3
mizzen,3
noted,3
birthmark,3
bark,3
grooves,3
twig,3
wrenching,3
seam,3
resembled,3
continuing,3
particle,3
recovery,3
foreboding,3
forenoon,3
forcibly,3
conceived,3
penetrate,3
hero,3
continent,3
azores,3
beg,3
socks,3
halyards,3
trail,3
snuffing,3
tashtegos,3
squire,3
selected,3
forces,3
radiating,3
ruddy,3
marthas,3
miseries,3
loading,3
succession,3
tinker,3
arrangement,3
crisis,3
local,3
poetic,3
humanity,3
disastrous,3
exalted,3
castaways,3
equality,3
shalt,3
treat,3
immaculate,3
shocking,3
cares,3
drought,3
descent,3
unmanufactured,3
essential,3
surmise,3
substantiated,3
college,3
walled,3
constellation,3
procession,3
capital,3
figured,3
composed,3
wrote,3
helmet,3
shiver,3
uncounted,3
infancy,3
democracy,3
yoke,3
colonies,3
marines,3
beaches,3
ride,3
aggregate,3
harvest,3
reaped,3
fleets,3
lamps,3
unwittingly,3
eddies,3
recoil,3
triumphantly,3
martial,3
badge,3
card,3
visiting,3
naval,3
metropolitan,3
liberal,3
injustice,3
anxiety,3
embarked,3
fights,3
graze,3
direst,3
succor,3
drives,3
miserably,3
unrestingly,3
fearfulness,3
vindictive,3
diverged,3
mainyard,3
convulsively,3
continents,3
stormy,3
glades,3
swelling,3
cordage,3
wintry,3
merged,3
poke,3
frightful,3
addition,3
bachelors,3
muster,3
actively,3
bestirred,3
flourished,3
lazy,3
comfortably,3
perry,3
establish,3
slumber,3
rigger,3
rejoined,3
holloa,3
suspects,3
preparation,3
riggers,3
startling,3
aunt,3
rheumatic,3
pantry,3
jar,3
staves,3
duplicate,3
replacing,3
necessitates,3
forks,3
chests,3
satisfy,3
kinds,3
begat,3
ambiguous,3
coupled,3
humbug,3
ineffable,3
reverie,3
mayhap,3
spat,3
earnestness,3
confluent,3
topsail,3
thundering,3
sharkish,3
counterpart,3
bildads,3
aim,3
rubbed,3
congregational,3
pelegs,3
hinting,3
eaten,3
enemy,3
necessarily,3
extremely,3
religions,3
primitive,3
argue,3
positive,3
grating,3
promised,3
despairing,3
insane,3
confined,3
brig,3
later,3
againthere,3
closet,3
havent,3
prying,3
castor,3
mouse,3
shaft,3
mending,3
absurd,3
planets,3
unprecedented,3
describe,3
laughing,3
bleeding,3
warn,3
fools,3
twelvemonth,3
whim,3
crowned,3
keenest,3
doesnt,3
ungodly,3
signing,3
groaned,3
letting,3
eluded,3
celerity,3
labors,3
hundredth,3
moth,3
treasures,3
inconsiderable,3
proprietors,3
clothing,3
net,3
sharply,3
vesture,3
superfluous,3
embodiment,3
idleness,3
marlingspike,3
inordinate,3
hospital,3
retiring,3
boatheader,3
becoming,3
drab,3
gore,3
sworn,3
vest,3
altered,3
selfsame,3
cared,3
ambition,3
morbidness,3
stillness,3
dramatic,3
childhood,3
quakers,3
variously,3
stocks,3
shares,3
staggered,3
yeve,3
crunched,3
wantest,3
agents,3
mask,3
murdering,3
causes,3
gales,3
minutest,3
network,3
pilotcloth,3
concealed,3
hairy,3
mutually,3
rightwhale,3
consisting,3
candidate,3
sheaves,3
tendons,3
cologne,3
bearded,3
egypt,3
calms,3
typhoons,3
extinct,3
massachusetts,3
origin,3
titbit,3
devildam,3
securely,3
esteem,3
excellence,3
selection,3
selecting,3
concert,3
decapitated,3
fishermens,3
sharkskin,3
vertebra,3
paved,3
plying,3
uttered,3
appetites,3
seasoned,3
juicy,3
hearken,3
waiting,3
repast,3
combing,3
oblique,3
whalemens,3
topmast,3
mistaking,3
outset,3
chowders,3
asserted,3
gull,3
alps,3
hides,3
plantation,3
resides,3
fragments,3
owns,3
mexico,3
conquered,3
issuing,3
mountainous,3
survived,3
crabs,3
illinois,3
clams,3
tables,3
inclosed,3
plant,3
background,3
mentioning,3
deserved,3
restored,3
snapping,3
greenness,3
tornadoes,3
tingling,3
ropeyarn,3
filed,3
permit,3
admire,3
hoofs,3
tartar,3
noting,3
dipping,3
assigned,3
brides,3
braided,3
calabash,3
puts,3
meadows,3
sheath,3
barrow,3
affection,3
joyously,3
mess,3
movements,3
wages,3
arts,3
cities,3
capsized,3
hiding,3
reef,3
paddled,3
vow,3
vowed,3
prevail,3
warriors,3
boasted,3
map,3
rokovoko,3
undulating,3
illuminated,3
repugnance,3
crouching,3
snugness,3
tip,3
warmth,3
sociable,3
insignificant,3
idolator,3
presbyterian,3
pouring,3
portions,3
apply,3
married,3
proposed,3
courtesy,3
kindness,3
soothing,3
planet,3
enlarge,3
developed,3
retreating,3
phrenologically,3
brighter,3
count,3
gurgling,3
longdrawn,3
vacantly,3
benediction,3
kelson,3
paul,3
appal,3
press,3
spake,3
slanting,3
grateful,3
weep,3
weighty,3
yawning,3
pitiful,3
appalled,3
occupation,3
arise,3
tumult,3
trampling,3
thunders,3
yelling,3
shrieking,3
casts,3
drowning,3
misery,3
prodigy,3
annihilation,3
pricking,3
levels,3
wards,3
cells,3
stateroom,3
openly,3
stab,3
hurriedly,3
frighted,3
belike,3
whispers,3
essays,3
cargo,3
dodging,3
arrested,3
burglar,3
westward,3
syrian,3
reign,3
persuade,3
commands,3
repentance,3
punishment,3
sinful,3
teaches,3
surging,3
pregnant,3
clinch,3
joyful,3
distress,3
sorrows,3
maw,3
foundering,3
preacher,3
invoked,3
earliest,3
leads,3
earths,3
beak,3
nelson,3
borrowed,3
isolation,3
tricks,3
joint,3
rounds,3
manropes,3
worsted,3
handsome,3
mounting,3
acted,3
contract,3
seriously,3
pulpits,3
robustness,3
lees,3
oysters,3
promotion,3
hush,3
bliss,3
immovable,3
marbles,3
afresh,3
assembled,3
inscriptions,3
frigid,3
tablet,3
masoned,3
incommunicable,3
purposely,3
cloth,3
sands,3
odorous,3
seventh,3
bloom,3
barren,3
lengths,3
alexander,3
flowery,3
gardens,3
bumpkins,3
buttons,3
bitterly,3
buckskin,3
bumpkin,3
girdled,3
hampshire,3
unheeded,3
stare,3
outright,3
natives,3
yankees,3
malays,3
queerest,3
seaport,3
inseparable,3
withdrew,3
estimation,3
preparing,3
mode,3
slope,3
withal,3
bleached,3
musky,3
skylarking,3
cherished,3
proudly,3
dipped,3
wash,3
accelerate,3
limping,3
required,3
sundry,3
minus,3
narrowly,3
misgivings,3
tightly,3
strangeness,3
puzzle,3
frame,3
fallen,3
favour,3
longest,3
stepmother,3
labyrinth,3
complied,3
stash,3
drunken,3
sabbee,3
operations,3
carelessly,3
twitched,3
psalmody,3
praying,3
snatches,3
sooty,3
glistened,3
grego,3
heathen,3
fumbling,3
tanning,3
dreadfully,3
purplish,3
averted,3
nod,3
pantaloons,3
ado,3
undressed,3
bedside,3
hamper,3
guise,3
stained,3
satisfactory,3
fireplace,3
papered,3
abreast,3
clock,3
sal,3
nice,3
pays,3
folks,3
sold,3
prosecution,3
knowingly,3
madman,3
intimate,3
tending,3
delay,3
whittling,3
towering,3
comprehension,3
tickled,3
threes,3
twos,3
prejudices,3
knock,3
current,3
gathering,3
indefinitely,3
unobserved,3
ridge,3
dazzling,3
cure,3
labrador,3
beards,3
latest,3
likes,3
eats,3
substantial,3
tallow,3
youd,3
spose,3
tapping,3
skrimshander,3
specimens,3
abominable,3
coach,3
nooks,3
dusty,3
travelled,3
elbowed,3
storied,3
deformed,3
implement,3
shuddered,3
knots,3
impaling,3
weltering,3
hurricane,3
conversed,3
fancies,3
puzzled,3
dint,3
endeavored,3
ambitious,3
pooh,3
silken,3
dives,3
rags,3
plug,3
lookest,3
bleak,3
coffee,3
district,3
ominous,3
misty,3
faintly,3
creaking,3
weeping,3
gomorrah,3
choked,3
smoky,3
glare,3
inquire,3
lodge,3
comparing,3
cheerless,3
boisterous,3
disappointed,3
tucked,3
processions,3
inmates,3
barbarous,3
roused,3
shabby,3
performances,3
extensive,3
providence,3
smelt,3
repeatedly,3
suspect,3
maxim,3
exercise,3
receives,3
uncomfortable,3
weighed,3
broom,3
seacaptain,3
hunks,3
established,3
pyramids,3
broiled,3
brigs,3
respectable,3
abandon,3
rivers,3
deity,3
robust,3
trip,3
buy,3
wade,3
tranced,3
hermit,3
landscape,3
athirst,3
clinched,3
slip,3
mole,3
battery,3
belted,3
throws,3
flourish,3
substitute,3
methodically,3
moral,3
mid,3
threatening,3
terra,3
female,3
unbroken,3
powerful,3
miriam,3
enrolled,3
expanse,3
scanning,3
haunts,3
mutineer,3
speech,3
industry,3
wealth,3
adding,3
population,3
national,3
ross,3
disposition,3
possessing,3
1839,3
abundant,3
attacks,3
essex,3
rainbows,3
tom,3
cottage,3
obed,3
fangs,3
waste,3
insect,3
floundered,3
vault,3
shone,3
unerring,3
repair,3
sport,3
blackstone,3
sturgeon,3
grounded,3
revenue,3
parliament,3
edmund,3
iceland,3
terrify,3
cooks,3
oft,3
chosen,3
eighty,3
circumnavigation,3
harris,3
purchas,3
gaping,3
fry,3
sentence,3
grove,3
justly,3
spermacetti,3
restless,3
henry,3
ibid,3
pan,3
seethe,3
annals,3
liver,3
security,3
openmouthed,3
acres,3
sore,3
shine,3
tuileries,3
unpleasant,3
appearing,3
poets,3
authentic,3
icelandic,3
cetus,3
wallow,3
websters,3
hackluyt,3
deliver,3
loved,3
embellished,3
domain,3
resulting,3
library,3
virginia,3
decanter,3
stowing,3
cassock,3
schoolmasters,3
massacre,3
kills,3
60,3
sheetiron,3
50,3
affidavit,3
40,3
dusk,3
20,3
13,3
5,3
2,3
daniel,3
18,3
june,3
melville,3
herman,3
