the,875
and,803
to,623
i,580
a,540
of,517
in,393
is,366
you,362
that,361
my,356
romeo,303
with,299
not,287
thou,277
me,265
this,265
for,249
it,243
be,227
but,185
juliet,183
thy,170
as,166
what,162
will,156
o,155
her,154
so,149
nurse,146
or,144
capulet,141
by,140
thee,138
love,137
his,134
have,133
he,124
your,113
all,112
shall,112
no,111
she,110
lady,109
if,106
do,105
friar,104
from,101
him,97
come,96
on,92
are,89
project,88
gutenberg,87
ill,84
then,84
mercutio,83
at,83
now,82
good,80
here,79
benvolio,79
an,76
go,75
we,75
enter,75
lawrence,72
which,69
death,69
tybalt,69
night,68
well,68
more,67
man,65
there,64
hath,64
our,64
may,63
how,62
one,61
paris,61
am,60
they,60
up,59
some,58
sir,57
too,56
where,56
art,55
would,54
when,54
out,54
any,53
such,52
say,52
was,51
should,51
scene,51
give,51
than,50
must,50
work,49
can,49
dead,48
yet,47
doth,47
their,47
day,45
these,45
montague,45
tell,44
upon,44
let,44
fair,44
make,43
them,43
did,40
tis,40
take,40
see,39
like,38
much,38
us,38
were,37
why,37
prince,37
who,36
know,36
exeunt,34
first,34
ay,34
gone,33
sweet,33
other,33
works,32
time,32
exit,32
house,32
look,31
servant,31
lord,30
wilt,30
old,30
capulets,30
heaven,29
mine,29
eyes,29
back,29
god,28
hast,28
light,28
speak,28
word,28
part,28
electronic,27
hence,27
again,27
comes,27
true,27
very,26
heart,26
stay,26
being,26
peter,26
use,26
name,25
dear,25
hand,25
cannot,25
stand,25
bed,25
away,25
full,24
find,24
life,24
both,24
young,24
before,24
watch,23
within,23
die,23
madam,23
hear,23
call,23
therefore,23
terms,23
foundation,22
father,22
till,22
made,22
men,22
sampson,22
cell,22
help,21
holy,21
face,21
think,21
bid,21
without,21
ere,21
lie,21
marry,21
most,21
had,20
farewell,20
nor,20
tears,20
nay,20
been,20
forth,20
two,20
wife,20
states,20
copyright,19
banished,19
married,19
eye,19
lies,19
earth,19
about,19
peace,19
down,19
live,19
gregory,19
balthasar,19
agreement,18
second,18
never,18
set,18
hold,18
keep,18
law,18
poor,18
could,18
cousin,18
slain,17
lips,17
pray,17
own,17
hour,17
grave,17
villain,17
long,17
put,17
blood,17
son,17
place,17
license,17
world,17
ah,16
alone,16
days,16
county,16
dost,16
romeos,16
many,16
early,16
rest,16
those,16
new,16
same,16
head,16
donations,15
news,15
tomorrow,15
tonight,15
mother,15
none,15
child,15
sun,15
fear,15
myself,15
whose,15
friend,15
mantua,15
united,15
musician,14
thursday,14
haste,14
send,14
breath,14
joy,14
gentleman,14
soul,14
fall,14
faith,14
letter,14
poison,14
even,14
said,14
loves,14
still,14
nothing,14
lives,14
run,14
daughter,14
page,14
archive,13
literary,13
trademark,13
sound,13
sin,13
little,13
woe,13
husband,13
years,13
wit,13
leave,13
else,13
thine,13
soon,13
came,13
ho,13
hands,13
makes,13
verona,13
chamber,13
act,13
ebook,13
shame,12
hither,12
late,12
thing,12
best,12
ye,12
get,12
shes,12
grief,12
sleep,12
gentle,12
happy,12
means,12
hate,12
talk,12
better,12
bear,12
turn,12
ever,12
kinsman,12
iii,12
ii,12
under,12
copy,12
paragraph,11
tybalts,11
bring,11
alack,11
pale,11
access,11
because,11
marriage,11
warrant,11
need,11
against,11
since,11
mad,11
though,11
oer,11
mistress,11
way,11
only,11
hes,11
beauty,11
shalt,11
show,11
quarrel,11
draw,11
lay,11
monument,11
juliets,11
refund,10
fee,10
church,10
tongue,10
pardon,10
answer,10
says,10
kill,10
twenty,10
boy,10
gentlemen,10
state,10
things,10
above,10
others,10
straight,10
another,10
every,10
flower,10
thus,10
dream,10
done,10
calls,10
neer,10
master,10
desperate,10
through,10
comfort,10
agree,10
bound,10
kiss,10
rich,10
heres,10
black,10
heavy,10
saw,10
either,10
off,10
maid,10
ears,10
end,10
once,10
play,10
john,10
lawrences,10
v,10
iv,10
street,10
laws,10
including,9
vault,9
charge,9
body,9
silver,9
form,9
meet,9
whats,9
music,9
great,9
indeed,9
rosaline,9
read,9
hide,9
unto,9
forget,9
hearts,9
weep,9
unless,9
himself,9
found,9
right,9
case,9
ground,9
foot,9
wall,9
move,9
ancient,9
musicians,9
apothecary,9
churchyard,9
open,9
information,8
thought,8
hie,8
bones,8
woes,8
sorrow,8
words,8
return,8
high,8
saint,8
swear,8
vile,8
anon,8
mens,8
times,8
thats,8
torch,8
follow,8
enough,8
sight,8
ladys,8
merry,8
last,8
written,8
welcome,8
alas,8
having,8
noble,8
counsel,8
clouds,8
into,8
mind,8
sword,8
bite,8
while,8
lovers,8
three,8
montagues,8
garden,8
hall,8
room,8
public,8
provide,7
section,7
associated,7
ebooks,7
copies,7
distributing,7
dagger,7
woeful,7
free,7
corse,7
killd,7
tomb,7
next,7
sudden,7
murder,7
thyself,7
kind,7
looks,7
honest,7
prepare,7
fetch,7
past,7
sit,7
hot,7
bosom,7
ear,7
tender,7
measure,7
beseech,7
wish,7
thousand,7
herself,7
book,7
fortune,7
writ,7
gives,7
dark,7
stars,7
behold,7
canst,7
hit,7
near,7
sea,7
sick,7
cold,7
short,7
lets,7
air,7
cause,7
morning,7
bloody,7
fire,7
noise,7
hell,7
flesh,7
feel,7
shows,7
mean,7
hours,7
fearful,7
servants,7
abram,7
located,7
tax,6
paid,6
comply,6
distribution,6
permission,6
distribute,6
proud,6
lark,6
banishment,6
exile,6
doom,6
princes,6
fie,6
cords,6
goose,6
cheeks,6
itself,6
flowers,6
company,6
reenter,6
didst,6
stop,6
arm,6
speaks,6
strange,6
enemy,6
thank,6
youth,6
cheek,6
yonder,6
tale,6
care,6
spoke,6
five,6
nights,6
strength,6
less,6
already,6
wast,6
jest,6
fool,6
age,6
matter,6
girl,6
wheres,6
letters,6
person,6
names,6
sirrah,6
feast,6
bride,6
fourteen,6
change,6
dies,6
breast,6
lead,6
anything,6
loving,6
morrow,6
aside,6
please,6
envious,6
prove,6
home,6
deep,6
seen,6
might,6
hurt,6
close,6
among,6
fight,6
remember,6
serve,6
thumb,6
hadst,6
maids,6
stir,6
moved,6
citizens,6
chorus,6
date,6
using,6
received,5
limited,5
volunteers,5
replacement,5
1f3,5
medium,5
1e1,5
compliance,5
protected,5
wake,5
drink,5
provided,5
hope,5
search,5
hang,5
ha,5
following,5
living,5
general,5
mercy,5
point,5
slay,5
slew,5
falls,5
mercutios,5
reason,5
simple,5
joyful,5
commend,5
hare,5
ease,5
lamentable,5
sure,5
chide,5
theres,5
ring,5
met,5
mans,5
purpose,5
trust,5
fain,5
tear,5
satisfied,5
power,5
wedding,5
heir,5
yond,5
took,5
patience,5
wherefore,5
blessed,5
ist,5
longer,5
ready,5
course,5
untimely,5
dreams,5
fees,5
fingers,5
half,5
shape,5
asleep,5
ask,5
wits,5
phrase,5
rude,5
wings,5
dance,5
excuse,5
yourself,5
brief,5
honour,5
quoth,5
laid,5
whom,5
brother,5
daughters,5
fellow,5
number,5
voice,5
consent,5
honourable,5
blind,5
ladies,5
wisely,5
wise,5
gold,5
mark,5
soft,5
going,5
bright,5
rough,5
sad,5
nine,5
shrift,5
far,5
friends,5
sighs,5
city,5
scorn,5
withal,5
pleasure,5
pay,5
foe,5
side,5
dare,5
pretty,5
heads,5
dog,5
quickly,5
strike,5
swords,5
remove,5
piteous,5
civil,5
break,5
houses,5
women,5
country,5
wwwgutenbergorg,5
almost,5
anyone,5
damages,4
owner,4
website,4
requirements,4
providing,4
holder,4
posted,4
distributed,4
status,4
format,4
freely,4
support,4
displaying,4
individual,4
collection,4
1e8,4
mission,4
except,4
copying,4
creating,4
editions,4
people,4
intents,4
further,4
strew,4
notice,4
sell,4
iron,4
money,4
buried,4
needs,4
bridegroom,4
below,4
nightly,4
doubt,4
coming,4
weeps,4
knocking,4
banishd,4
weeping,4
damned,4
slaughterd,4
loss,4
beg,4
amen,4
beshrew,4
sour,4
warm,4
knife,4
hark,4
knave,4
minute,4
hoar,4
something,4
ifaith,4
fault,4
gentlewoman,4
hair,4
broad,4
slow,4
keeps,4
womb,4
dry,4
ghostly,4
adieu,4
wouldst,4
gave,4
cease,4
lightning,4
lent,4
hateful,4
business,4
bold,4
wear,4
green,4
moon,4
arise,4
tree,4
nature,4
spirit,4
raise,4
anger,4
fine,4
cry,4
appear,4
conjure,4
ran,4
birth,4
door,4
sake,4
lest,4
youll,4
town,4
truth,4
dares,4
worn,4
deny,4
foul,4
oft,4
kisses,4
empty,4
small,4
save,4
mask,4
believe,4
after,4
guests,4
fly,4
lover,4
count,4
wisdom,4
stands,4
grace,4
choose,4
left,4
yea,4
brow,4
bitter,4
awhile,4
lamb,4
match,4
thither,4
supper,4
signior,4
shut,4
writing,4
paper,4
woo,4
note,4
hers,4
vow,4
forsworn,4
tut,4
griefs,4
rather,4
coz,4
sadness,4
secret,4
learn,4
uncle,4
daylight,4
dew,4
mornings,4
sought,4
towards,4
walk,4
east,4
window,4
golden,4
fray,4
approach,4
along,4
depart,4
streets,4
quiet,4
sentence,4
torture,4
veins,4
steel,4
seek,4
spite,4
beat,4
beats,4
kinsmen,4
begin,4
known,4
cut,4
fought,4
weak,4
rage,4
fatal,4
attendants,4
check,4
online,4
cost,4
parts,4
foundations,3
limitation,3
warranties,3
liability,3
disclaimer,3
equipment,3
defective,3
efforts,3
3,3
contact,3
defect,3
email,3
4,3
payments,3
donate,3
applicable,3
royalty,3
user,3
official,3
additional,3
1e9,3
1e7,3
paragraphs,3
links,3
its,3
performing,3
future,3
entity,3
obtain,3
derivative,3
complying,3
used,3
royalties,3
paying,3
apprehend,3
mattock,3
retires,3
aloof,3
office,3
cruel,3
logs,3
knows,3
lick,3
hire,3
speed,3
waking,3
meantime,3
forty,3
shroud,3
present,3
presently,3
prevent,3
hearst,3
certain,3
remedy,3
bridal,3
joints,3
bark,3
wed,3
peters,3
needy,3
receipt,3
cousins,3
unaccustomd,3
fickle,3
methinks,3
nightingale,3
wednesday,3
stayd,3
array,3
rouse,3
hollow,3
wild,3
deaths,3
philosophy,3
tidings,3
beguild,3
murderd,3
beast,3
born,3
fiend,3
bare,3
modesty,3
tot,3
cries,3
deadly,3
murderer,3
determine,3
wretched,3
conduct,3
fury,3
mortal,3
scratch,3
plague,3
calm,3
knowst,3
afford,3
discords,3
consort,3
buy,3
apt,3
lain,3
receive,3
thanks,3
loathsome,3
powder,3
heavens,3
got,3
ways,3
bad,3
honey,3
swift,3
shed,3
youthful,3
thoughts,3
rosemary,3
toad,3
sweetest,3
sayst,3
devise,3
protest,3
told,3
afore,3
occasion,3
dinner,3
meat,3
sings,3
spent,3
bawd,3
goodden,3
wide,3
whole,3
faint,3
remain,3
courteous,3
courtesy,3
flies,3
immortal,3
third,3
wench,3
fathers,3
devil,3
pure,3
salt,3
jesu,3
truly,3
confession,3
plain,3
lo,3
each,3
turns,3
morn,3
toward,3
worse,3
fortunes,3
faithful,3
confess,3
fond,3
mayst,3
dwell,3
washd,3
walls,3
hundred,3
gaze,3
knew,3
wound,3
hid,3
pronounce,3
likeness,3
passion,3
craves,3
prayers,3
saints,3
touch,3
seeming,3
withdraw,3
different,3
contrary,3
chance,3
solemnity,3
fellows,3
c,3
closd,3
wind,3
substance,3
wakes,3
sometime,3
knees,3
over,3
mab,3
dreamt,3
meaning,3
vain,3
delay,3
burn,3
mouse,3
blush,3
visor,3
burden,3
cupid,3
cursed,3
share,3
content,3
lends,3
wretch,3
jule,3
twas,3
taste,3
brain,3
dug,3
susan,3
forbid,3
year,3
often,3
crow,3
compare,3
cup,3
food,3
backward,3
anothers,3
sent,3
delight,3
suit,3
hard,3
precious,3
beauties,3
liberty,3
teach,3
ruld,3
making,3
waste,3
sworn,3
bow,3
strong,3
lovd,3
woman,3
urgd,3
lost,3
oppression,3
laugh,3
proof,3
view,3
fast,3
wert,3
cure,3
grow,3
humour,3
affections,3
abroad,3
today,3
blows,3
yours,3
afternoon,3
cast,3
airy,3
pain,3
citizen,3
drawn,3
fools,3
pass,3
sense,3
masters,3
between,3
thrust,3
goes,3
slave,3
carry,3
toil,3
attend,3
patient,3
strife,3
bury,3
alike,3
maskers,3
order,3
nephew,3
belonging,3
prologue,3
start,3
1,3
included,3
anywhere,3
